0:0:0:0:0:0:0:1 - - [13/May/2020:10:04:22 +0800] "POST /wxpush/dopush HTTP/1.1" 500 852
0:0:0:0:0:0:0:1 - - [13/May/2020:10:04:45 +0800] "POST /wxpush/dopush HTTP/1.1" 500 852
0:0:0:0:0:0:0:1 - - [13/May/2020:10:04:45 +0800] "POST /wxpush/dopush HTTP/1.1" 500 852
0:0:0:0:0:0:0:1 - - [13/May/2020:10:04:46 +0800] "POST /wxpush/dopush HTTP/1.1" 500 852
127.0.0.1 - - [13/May/2020:10:04:57 +0800] "POST /wxpush/dopush HTTP/1.1" 200 -
0:0:0:0:0:0:0:1 - - [13/May/2020:10:32:41 +0800] "POST /wxpush/dopush?remark=123 HTTP/1.1" 500 157
0:0:0:0:0:0:0:1 - - [13/May/2020:10:33:35 +0800] "POST /wxpush/dopush?remark=123 HTTP/1.1" 500 157
0:0:0:0:0:0:0:1 - - [13/May/2020:10:33:43 +0800] "POST /wxpush/dopush?remark=123 HTTP/1.1" 500 157
0:0:0:0:0:0:0:1 - - [13/May/2020:10:33:46 +0800] "GET /wxpush/dopush?remark=123 HTTP/1.1" 500 157
0:0:0:0:0:0:0:1 - - [13/May/2020:10:39:00 +0800] "GET /wxpush/dopush?remark=123 HTTP/1.1" 500 157
0:0:0:0:0:0:0:1 - - [13/May/2020:10:40:00 +0800] "GET /wxpush/dopush?remark=123 HTTP/1.1" 500 157
0:0:0:0:0:0:0:1 - - [13/May/2020:10:40:37 +0800] "GET /wxpush/dopush?remark=123 HTTP/1.1" 500 157
0:0:0:0:0:0:0:1 - - [13/May/2020:11:10:19 +0800] "GET /wxpush/dopush?remark=123 HTTP/1.1" 200 -
0:0:0:0:0:0:0:1 - - [13/May/2020:11:17:11 +0800] "GET /wxpush/dopush?remark=123 HTTP/1.1" 200 -
0:0:0:0:0:0:0:1 - - [13/May/2020:11:18:53 +0800] "GET /wxpush/dopush?remark=123 HTTP/1.1" 200 270
0:0:0:0:0:0:0:1 - - [13/May/2020:11:42:14 +0800] "GET /wxpush/dopush?remark=123 HTTP/1.1" 200 -
0:0:0:0:0:0:0:1 - - [13/May/2020:11:44:09 +0800] "GET /wxpush/dopush?remark=123 HTTP/1.1" 200 -
0:0:0:0:0:0:0:1 - - [13/May/2020:11:46:02 +0800] "GET /wxpush/dopush?remark=123 HTTP/1.1" 200 -
0:0:0:0:0:0:0:1 - - [13/May/2020:11:47:29 +0800] "GET /wxpush/dopush?remark=123 HTTP/1.1" 200 -
0:0:0:0:0:0:0:1 - - [13/May/2020:11:49:33 +0800] "GET /wxpush/dopush?remark=123 HTTP/1.1" 200 -
0:0:0:0:0:0:0:1 - - [13/May/2020:11:50:22 +0800] "GET /wxpush/dopush?remark=123 HTTP/1.1" 200 -
0:0:0:0:0:0:0:1 - - [13/May/2020:14:15:46 +0800] "GET /wxpush/dopush?remark=123 HTTP/1.1" 500 937
0:0:0:0:0:0:0:1 - - [13/May/2020:14:16:26 +0800] "GET /wxpush/dopush?remark=123 HTTP/1.1" 200 -
0:0:0:0:0:0:0:1 - - [13/May/2020:14:16:54 +0800] "GET /wxpush/dopush?remark=123 HTTP/1.1" 200 -
0:0:0:0:0:0:0:1 - - [13/May/2020:14:17:01 +0800] "GET /wxpush/dopush?remark=123 HTTP/1.1" 200 -
0:0:0:0:0:0:0:1 - - [13/May/2020:14:17:09 +0800] "GET /wxpush/dopush?remark=123 HTTP/1.1" 200 -
0:0:0:0:0:0:0:1 - - [13/May/2020:14:22:22 +0800] "GET /wxpush/dopush?remark=123 HTTP/1.1" 200 -
0:0:0:0:0:0:0:1 - - [13/May/2020:18:17:30 +0800] "POST /jwt/login?username=yx&password=222 HTTP/1.1" 200 802
0:0:0:0:0:0:0:1 - - [13/May/2020:18:18:05 +0800] "POST /temperature/ftList HTTP/1.1" 200 971
0:0:0:0:0:0:0:1 - - [13/May/2020:18:18:13 +0800] "POST /temperature/ftList HTTP/1.1" 200 971
0:0:0:0:0:0:0:1 - - [13/May/2020:18:19:44 +0800] "POST /cannon/cannonlist HTTP/1.1" 200 797
0:0:0:0:0:0:0:1 - - [13/May/2020:18:22:03 +0800] "POST /dust/dustList HTTP/1.1" 200 1144
0:0:0:0:0:0:0:1 - - [13/May/2020:18:24:58 +0800] "POST /gas/gaslist HTTP/1.1" 200 7325
0:0:0:0:0:0:0:1 - - [13/May/2020:18:27:58 +0800] "POST /gas/gaslist HTTP/1.1" 200 7325
0:0:0:0:0:0:0:1 - - [13/May/2020:18:28:01 +0800] "POST /gas/gaslist HTTP/1.1" 200 7325
0:0:0:0:0:0:0:1 - - [13/May/2020:18:28:02 +0800] "POST /gas/gaslist HTTP/1.1" 200 7325
0:0:0:0:0:0:0:1 - - [13/May/2020:18:28:03 +0800] "POST /gas/gaslist HTTP/1.1" 200 7325
0:0:0:0:0:0:0:1 - - [13/May/2020:18:28:04 +0800] "POST /gas/gaslist HTTP/1.1" 200 7325
0:0:0:0:0:0:0:1 - - [13/May/2020:18:28:06 +0800] "POST /gas/gaslist HTTP/1.1" 200 7325
0:0:0:0:0:0:0:1 - - [13/May/2020:18:28:07 +0800] "POST /gas/gaslist HTTP/1.1" 200 7325
0:0:0:0:0:0:0:1 - - [13/May/2020:18:28:07 +0800] "POST /gas/gaslist HTTP/1.1" 200 7325
0:0:0:0:0:0:0:1 - - [13/May/2020:18:28:10 +0800] "POST /gas/gaslist HTTP/1.1" 200 7325
0:0:0:0:0:0:0:1 - - [13/May/2020:18:28:11 +0800] "POST /gas/gaslist HTTP/1.1" 200 7325
0:0:0:0:0:0:0:1 - - [13/May/2020:18:28:28 +0800] "POST /gas/gaslist HTTP/1.1" 200 7920
0:0:0:0:0:0:0:1 - - [13/May/2020:18:29:04 +0800] "POST /gas/gaslist HTTP/1.1" 200 7921
127.0.0.1 - - [13/May/2020:18:32:27 +0800] "POST /gas/gaslist HTTP/1.1" 200 1477
127.0.0.1 - - [13/May/2020:18:33:14 +0800] "POST /gas/gaslist HTTP/1.1" 200 7921
0:0:0:0:0:0:0:1 - - [13/May/2020:18:34:35 +0800] "POST /gas/gaslist HTTP/1.1" 200 7921
0:0:0:0:0:0:0:1 - - [13/May/2020:18:34:37 +0800] "POST /gas/gaslist HTTP/1.1" 200 7921
0:0:0:0:0:0:0:1 - - [13/May/2020:18:35:09 +0800] "POST /gas/gaslist?type=5 HTTP/1.1" 200 1258
0:0:0:0:0:0:0:1 - - [13/May/2020:18:35:19 +0800] "POST /gas/gaslist?type=6 HTTP/1.1" 200 1983
0:0:0:0:0:0:0:1 - - [13/May/2020:18:36:57 +0800] "POST /gas/gaslist?type=6 HTTP/1.1" 200 1983
0:0:0:0:0:0:0:1 - - [13/May/2020:18:37:00 +0800] "POST /gas/gaslist?type=6 HTTP/1.1" 200 1983
0:0:0:0:0:0:0:1 - - [13/May/2020:18:37:01 +0800] "POST /gas/gaslist?type=6 HTTP/1.1" 200 1983
0:0:0:0:0:0:0:1 - - [13/May/2020:18:37:01 +0800] "POST /gas/gaslist?type=6 HTTP/1.1" 200 1983
0:0:0:0:0:0:0:1 - - [13/May/2020:18:37:02 +0800] "POST /gas/gaslist?type=6 HTTP/1.1" 200 1983
0:0:0:0:0:0:0:1 - - [13/May/2020:18:37:03 +0800] "POST /gas/gaslist?type=6 HTTP/1.1" 200 1983
0:0:0:0:0:0:0:1 - - [13/May/2020:18:37:04 +0800] "POST /gas/gaslist?type=6 HTTP/1.1" 200 1983
0:0:0:0:0:0:0:1 - - [13/May/2020:18:37:04 +0800] "POST /gas/gaslist?type=6 HTTP/1.1" 200 1983
0:0:0:0:0:0:0:1 - - [13/May/2020:18:37:05 +0800] "POST /gas/gaslist?type=6 HTTP/1.1" 200 1983
0:0:0:0:0:0:0:1 - - [13/May/2020:18:37:08 +0800] "POST /gas/gaslist?type=6 HTTP/1.1" 200 2710
