0:0:0:0:0:0:0:1 - - [15/May/2020:09:41:38 +0800] "POST /jwt/login?username=yx&password=222 HTTP/1.1" 200 802
0:0:0:0:0:0:0:1 - - [15/May/2020:09:42:11 +0800] "POST /dev/onlinerate HTTP/1.1" 200 118
0:0:0:0:0:0:0:1 - - [15/May/2020:09:42:48 +0800] "POST /dev/realtimedata HTTP/1.1" 500 165
0:0:0:0:0:0:0:1 - - [15/May/2020:09:52:13 +0800] "POST /dev/realtimedata HTTP/1.1" 500 165
0:0:0:0:0:0:0:1 - - [15/May/2020:09:54:57 +0800] "POST /dev/realtimedata HTTP/1.1" 500 165
0:0:0:0:0:0:0:1 - - [15/May/2020:09:57:08 +0800] "POST /dev/realtimedata HTTP/1.1" 500 165
0:0:0:0:0:0:0:1 - - [15/May/2020:10:02:54 +0800] "POST /dev/realtimedata HTTP/1.1" 500 165
0:0:0:0:0:0:0:1 - - [15/May/2020:10:02:56 +0800] "POST /dev/realtimedata HTTP/1.1" 500 165
0:0:0:0:0:0:0:1 - - [15/May/2020:10:03:32 +0800] "POST /dev/realtimedata HTTP/1.1" 500 165
0:0:0:0:0:0:0:1 - - [15/May/2020:10:12:14 +0800] "POST /dev/realtimedata HTTP/1.1" 500 160
0:0:0:0:0:0:0:1 - - [15/May/2020:10:12:16 +0800] "POST /dev/realtimedata HTTP/1.1" 500 160
0:0:0:0:0:0:0:1 - - [15/May/2020:10:12:17 +0800] "POST /dev/realtimedata HTTP/1.1" 500 160
0:0:0:0:0:0:0:1 - - [15/May/2020:10:14:06 +0800] "POST /dev/realtimedata HTTP/1.1" 200 1555
0:0:0:0:0:0:0:1 - - [15/May/2020:10:47:37 +0800] "POST /temperature/newFt?devid=102 HTTP/1.1" 200 85
0:0:0:0:0:0:0:1 - - [15/May/2020:11:22:33 +0800] "POST /pressureflow/pfnow HTTP/1.1" 500 146
0:0:0:0:0:0:0:1 - - [15/May/2020:11:23:11 +0800] "POST /pressureflow/pfnow?hid=136 HTTP/1.1" 200 479
0:0:0:0:0:0:0:1 - - [15/May/2020:11:27:51 +0800] "POST /pressureflow/pfnow?hid=136 HTTP/1.1" 200 479
0:0:0:0:0:0:0:1 - - [15/May/2020:11:29:53 +0800] "POST /pressureflow/newFlow?hid=136 HTTP/1.1" 200 488
0:0:0:0:0:0:0:1 - - [15/May/2020:11:30:48 +0800] "POST /pressureflow/newFlow?hid=136 HTTP/1.1" 200 488
0:0:0:0:0:0:0:1 - - [15/May/2020:11:31:12 +0800] "POST /pressureflow/dayPress?hid=136 HTTP/1.1" 200 466
0:0:0:0:0:0:0:1 - - [15/May/2020:11:31:35 +0800] "POST /pressureflow/dayFlow?hid=136 HTTP/1.1" 200 466
0:0:0:0:0:0:0:1 - - [15/May/2020:11:31:41 +0800] "POST /pressureflow/dayFlow?hid=136 HTTP/1.1" 200 466
0:0:0:0:0:0:0:1 - - [15/May/2020:11:50:43 +0800] "POST /pressureflow/dayFlow?devid=136 HTTP/1.1" 500 148
0:0:0:0:0:0:0:1 - - [15/May/2020:11:51:53 +0800] "POST /pressureflow/dayFlow?devid=136 HTTP/1.1" 200 466
0:0:0:0:0:0:0:1 - - [15/May/2020:11:52:05 +0800] "POST /pressureflow/dayPress?devid=136 HTTP/1.1" 200 466
0:0:0:0:0:0:0:1 - - [15/May/2020:11:52:18 +0800] "POST /pressureflow/pfNow?devid=136 HTTP/1.1" 404 150
0:0:0:0:0:0:0:1 - - [15/May/2020:11:52:23 +0800] "POST /pressureflow/pfnow?devid=136 HTTP/1.1" 200 479
0:0:0:0:0:0:0:1 - - [15/May/2020:11:52:37 +0800] "POST /pressureflow/newFlow?devid=136 HTTP/1.1" 200 488
0:0:0:0:0:0:0:1 - - [15/May/2020:11:52:50 +0800] "POST /pressureflow/newPress?devid=136 HTTP/1.1" 200 97
0:0:0:0:0:0:0:1 - - [15/May/2020:14:56:36 +0800] "POST /cannon/cannonlist HTTP/1.1" 200 797
0:0:0:0:0:0:0:1 - - [15/May/2020:14:56:45 +0800] "POST /cannon/cannonlist?status=1 HTTP/1.1" 200 797
0:0:0:0:0:0:0:1 - - [15/May/2020:14:58:52 +0800] "POST /cannon/cannonlist?status=1 HTTP/1.1" 200 77
0:0:0:0:0:0:0:1 - - [15/May/2020:15:03:41 +0800] "POST /operationLog?startdate=2020-05-05&enddate=2020-05-08 HTTP/1.1" 200 77
0:0:0:0:0:0:0:1 - - [15/May/2020:15:05:52 +0800] "POST /operationLog?startdate=2020-05-05&enddate=2020-05-08 HTTP/1.1" 200 77
0:0:0:0:0:0:0:1 - - [15/May/2020:15:06:28 +0800] "POST /fan/dayfan?date=2020-05-06 HTTP/1.1" 200 335
0:0:0:0:0:0:0:1 - - [15/May/2020:15:06:35 +0800] "POST /fan/dayfan?date=2020-05-08 HTTP/1.1" 200 335
0:0:0:0:0:0:0:1 - - [15/May/2020:15:06:38 +0800] "POST /fan/dayfan?date=2020-05-08 HTTP/1.1" 200 335
0:0:0:0:0:0:0:1 - - [15/May/2020:15:06:54 +0800] "POST /fan/dayfan?date=2020-05-08 HTTP/1.1" 200 335
0:0:0:0:0:0:0:1 - - [15/May/2020:15:11:22 +0800] "POST /fan/dayfan?date=2020-05-08 HTTP/1.1" 200 335
0:0:0:0:0:0:0:1 - - [15/May/2020:15:12:38 +0800] "POST /fan/dayfan?date=2020-05-08 HTTP/1.1" 200 335
0:0:0:0:0:0:0:1 - - [15/May/2020:15:13:19 +0800] "POST /operationLog?startdate=2020-05-05&enddate=2020-05-08 HTTP/1.1" 200 77
0:0:0:0:0:0:0:1 - - [15/May/2020:15:13:22 +0800] "POST /operationLog?startdate=2020-05-05&enddate=2020-05-08 HTTP/1.1" 200 77
0:0:0:0:0:0:0:1 - - [15/May/2020:15:20:33 +0800] "POST /operationLog?startdate=2020-05-05&enddate=2020-05-08 HTTP/1.1" 200 26505
0:0:0:0:0:0:0:1 - - [15/May/2020:15:26:58 +0800] "POST /operationLog?startdate=2020-05-05&enddate=2020-05-08 HTTP/1.1" 200 77
0:0:0:0:0:0:0:1 - - [15/May/2020:15:27:12 +0800] "POST /operationLog?startdate=2020-05-12&enddate=2020-05-12 HTTP/1.1" 200 308
0:0:0:0:0:0:0:1 - - [15/May/2020:15:28:18 +0800] "POST /param/list?cparam=F HTTP/1.1" 200 92
0:0:0:0:0:0:0:1 - - [15/May/2020:16:00:52 +0800] "POST /param/list?cparam=PF&devid=100 HTTP/1.1" 200 183
0:0:0:0:0:0:0:1 - - [15/May/2020:16:01:08 +0800] "POST /param/list?cparam=PF&devid=100 HTTP/1.1" 200 183
0:0:0:0:0:0:0:1 - - [15/May/2020:16:01:42 +0800] "POST /param/list?cparam=PF&devid=100 HTTP/1.1" 200 183
0:0:0:0:0:0:0:1 - - [15/May/2020:17:41:19 +0800] "POST /param/list?cparam=PF&devid=100 HTTP/1.1" 200 183
0:0:0:0:0:0:0:1 - - [15/May/2020:17:42:44 +0800] "POST /param/list?cparam=PF&devid=100 HTTP/1.1" 200 183
0:0:0:0:0:0:0:1 - - [15/May/2020:17:44:19 +0800] "POST /param/list?cparam=PF&devid=100 HTTP/1.1" 200 183
127.0.0.1 - - [15/May/2020:17:46:46 +0800] "POST /param/list?cparam=PF&devid=100 HTTP/1.1" 200 183
127.0.0.1 - - [15/May/2020:17:46:47 +0800] "POST /param/list?cparam=PF&devid=100 HTTP/1.1" 200 183
127.0.0.1 - - [15/May/2020:17:47:41 +0800] "POST /param/list?cparam=PF&devId=100 HTTP/1.1" 200 187
127.0.0.1 - - [15/May/2020:17:47:44 +0800] "POST /param/list?cparam=PF&devId=100 HTTP/1.1" 200 187
127.0.0.1 - - [15/May/2020:17:47:45 +0800] "POST /param/list?cparam=PF&devId=100 HTTP/1.1" 200 187
127.0.0.1 - - [15/May/2020:17:47:46 +0800] "POST /param/list?cparam=PF&devId=100 HTTP/1.1" 200 187
127.0.0.1 - - [15/May/2020:17:47:47 +0800] "POST /param/list?cparam=PF&devId=100 HTTP/1.1" 200 187
127.0.0.1 - - [15/May/2020:17:47:47 +0800] "POST /param/list?cparam=PF&devId=100 HTTP/1.1" 200 187
127.0.0.1 - - [15/May/2020:17:47:48 +0800] "POST /param/list?cparam=PF&devId=100 HTTP/1.1" 200 187
127.0.0.1 - - [15/May/2020:17:47:49 +0800] "POST /param/list?cparam=PF&devId=100 HTTP/1.1" 200 187
127.0.0.1 - - [15/May/2020:17:47:50 +0800] "POST /param/list?cparam=PF&devId=100 HTTP/1.1" 200 187
127.0.0.1 - - [15/May/2020:17:47:51 +0800] "POST /param/list?cparam=PF&devId=100 HTTP/1.1" 200 187
127.0.0.1 - - [15/May/2020:17:47:52 +0800] "POST /param/list?cparam=PF&devId=100 HTTP/1.1" 200 187
127.0.0.1 - - [15/May/2020:17:47:54 +0800] "POST /param/list?cparam=PF&devId=100 HTTP/1.1" 200 187
127.0.0.1 - - [15/May/2020:17:47:59 +0800] "POST /param/list?cparam=PF&devId=100 HTTP/1.1" 200 187
127.0.0.1 - - [15/May/2020:17:52:49 +0800] "POST /param/list?cparam=PF&devId=100 HTTP/1.1" 200 94
0:0:0:0:0:0:0:1 - - [15/May/2020:17:53:13 +0800] "POST /param/list?cparam=PF&devId=100 HTTP/1.1" 200 94
0:0:0:0:0:0:0:1 - - [15/May/2020:17:55:28 +0800] "POST /param/list?cparam=PF&devId=100 HTTP/1.1" 200 94
0:0:0:0:0:0:0:1 - - [15/May/2020:17:55:50 +0800] "POST /param/list?cparam=PF&devId=99 HTTP/1.1" 200 93
0:0:0:0:0:0:0:1 - - [15/May/2020:18:17:43 +0800] "POST /param/list?cparam=PF&devId=99 HTTP/1.1" 200 93
0:0:0:0:0:0:0:1 - - [15/May/2020:18:19:28 +0800] "POST /param/list?cparam=PF&devId=99 HTTP/1.1" 200 93
0:0:0:0:0:0:0:1 - - [15/May/2020:18:19:49 +0800] "POST /param/list?cparam=PF&devId=99 HTTP/1.1" 200 93
0:0:0:0:0:0:0:1 - - [15/May/2020:18:19:57 +0800] "POST /param/list?cparam=PF HTTP/1.1" 200 183
0:0:0:0:0:0:0:1 - - [15/May/2020:18:19:58 +0800] "POST /param/list?cparam=PF HTTP/1.1" 200 183
0:0:0:0:0:0:0:1 - - [15/May/2020:18:21:17 +0800] "POST /param/list?cparam=PF HTTP/1.1" 200 183
0:0:0:0:0:0:0:1 - - [15/May/2020:18:23:30 +0800] "POST /temperature/ftList HTTP/1.1" 200 1154
0:0:0:0:0:0:0:1 - - [15/May/2020:18:24:20 +0800] "POST /temperature/ftList?currentPage=1&pageSize=15 HTTP/1.1" 200 1154
0:0:0:0:0:0:0:1 - - [15/May/2020:18:24:27 +0800] "POST /temperature/ftList?currentPage=1&pageSize=15 HTTP/1.1" 200 1154
0:0:0:0:0:0:0:1 - - [15/May/2020:18:24:28 +0800] "POST /temperature/ftList?currentPage=1&pageSize=15 HTTP/1.1" 200 1154
0:0:0:0:0:0:0:1 - - [15/May/2020:18:24:28 +0800] "POST /temperature/ftList?currentPage=1&pageSize=15 HTTP/1.1" 200 1154
0:0:0:0:0:0:0:1 - - [15/May/2020:18:25:25 +0800] "POST /param/list HTTP/1.1" 200 548
0:0:0:0:0:0:0:1 - - [15/May/2020:18:25:28 +0800] "POST /param/list HTTP/1.1" 200 548
