0:0:0:0:0:0:0:1 - - [04/Jun/2020:09:35:42 +0800] "POST /cannon/cannonlist HTTP/1.1" 500 220
0:0:0:0:0:0:0:1 - - [04/Jun/2020:09:35:51 +0800] "POST /jwt/login?username=yx&password=222 HTTP/1.1" 200 802
0:0:0:0:0:0:0:1 - - [04/Jun/2020:09:36:13 +0800] "POST /cannon/cannonlist HTTP/1.1" 200 931
0:0:0:0:0:0:0:1 - - [04/Jun/2020:09:37:12 +0800] "POST /cannon/cannonlist?cstatus=1 HTTP/1.1" 200 931
0:0:0:0:0:0:0:1 - - [04/Jun/2020:09:37:17 +0800] "POST /cannon/cannonlist?cstatus=1 HTTP/1.1" 200 931
0:0:0:0:0:0:0:1 - - [04/Jun/2020:10:51:05 +0800] "POST /cannon/cannonlist?cstatus=1 HTTP/1.1" 200 77
0:0:0:0:0:0:0:1 - - [04/Jun/2020:10:52:01 +0800] "POST /cannon/cannonlist?cstatus=1 HTTP/1.1" 200 77
0:0:0:0:0:0:0:1 - - [04/Jun/2020:10:52:02 +0800] "POST /cannon/cannonlist?cstatus=1 HTTP/1.1" 200 77
0:0:0:0:0:0:0:1 - - [04/Jun/2020:10:52:03 +0800] "POST /cannon/cannonlist?cstatus=1 HTTP/1.1" 200 77
0:0:0:0:0:0:0:1 - - [04/Jun/2020:10:52:04 +0800] "POST /cannon/cannonlist?cstatus=1 HTTP/1.1" 200 77
0:0:0:0:0:0:0:1 - - [04/Jun/2020:10:52:04 +0800] "POST /cannon/cannonlist?cstatus=1 HTTP/1.1" 200 77
0:0:0:0:0:0:0:1 - - [04/Jun/2020:10:55:30 +0800] "POST /cannon/cannonlist?cstatus=1 HTTP/1.1" 200 322
0:0:0:0:0:0:0:1 - - [04/Jun/2020:10:55:39 +0800] "POST /cannon/cannonlist?cstatus=2 HTTP/1.1" 200 567
0:0:0:0:0:0:0:1 - - [04/Jun/2020:10:55:47 +0800] "POST /cannon/cannonlist?cstatus=1 HTTP/1.1" 200 322
0:0:0:0:0:0:0:1 - - [04/Jun/2020:10:55:51 +0800] "POST /cannon/cannonlist?cstatus=2 HTTP/1.1" 200 567
0:0:0:0:0:0:0:1 - - [04/Jun/2020:10:56:41 +0800] "POST /cannon/cannonlist?cstatus=2 HTTP/1.1" 200 567
0:0:0:0:0:0:0:1 - - [04/Jun/2020:11:05:48 +0800] "POST /cannon/cannonlist?cstatus=2 HTTP/1.1" 200 77
0:0:0:0:0:0:0:1 - - [04/Jun/2020:11:06:06 +0800] "POST /cannon/cannonlist?cstatus=2 HTTP/1.1" 200 77
0:0:0:0:0:0:0:1 - - [04/Jun/2020:11:06:08 +0800] "POST /cannon/cannonlist?cstatus=2 HTTP/1.1" 200 77
0:0:0:0:0:0:0:1 - - [04/Jun/2020:11:06:08 +0800] "POST /cannon/cannonlist?cstatus=2 HTTP/1.1" 200 77
0:0:0:0:0:0:0:1 - - [04/Jun/2020:11:06:09 +0800] "POST /cannon/cannonlist?cstatus=2 HTTP/1.1" 200 77
0:0:0:0:0:0:0:1 - - [04/Jun/2020:11:06:27 +0800] "POST /cannon/cannonlist?cstatus=2 HTTP/1.1" 200 321
0:0:0:0:0:0:0:1 - - [04/Jun/2020:11:06:32 +0800] "POST /cannon/cannonlist?cstatus=3 HTTP/1.1" 200 77
0:0:0:0:0:0:0:1 - - [04/Jun/2020:11:06:57 +0800] "POST /cannon/cannonlist?cstatus=3 HTTP/1.1" 200 262
0:0:0:0:0:0:0:1 - - [04/Jun/2020:11:07:01 +0800] "POST /cannon/cannonlist?cstatus=4 HTTP/1.1" 200 77
0:0:0:0:0:0:0:1 - - [04/Jun/2020:11:08:24 +0800] "POST /cannon/cannonlist?cstatus=4 HTTP/1.1" 200 323
0:0:0:0:0:0:0:1 - - [04/Jun/2020:11:08:37 +0800] "POST /cannon/cannonlist?cstatus=4&staus=0 HTTP/1.1" 200 323
0:0:0:0:0:0:0:1 - - [04/Jun/2020:11:08:42 +0800] "POST /cannon/cannonlist?cstatus=1&staus=0 HTTP/1.1" 200 322
0:0:0:0:0:0:0:1 - - [04/Jun/2020:14:28:31 +0800] "POST /fan/updatefan?id=124&status=1 HTTP/1.1" 200 49
0:0:0:0:0:0:0:1 - - [04/Jun/2020:14:38:02 +0800] "POST /fan/updatefan?id=124&status=1 HTTP/1.1" 200 58
0:0:0:0:0:0:0:1 - - [04/Jun/2020:14:38:11 +0800] "POST /fan/updatefan?status=1 HTTP/1.1" 200 58
0:0:0:0:0:0:0:1 - - [04/Jun/2020:15:03:20 +0800] "POST /fan/faninfo?devid=124 HTTP/1.1" 200 102
0:0:0:0:0:0:0:1 - - [04/Jun/2020:15:04:36 +0800] "POST /fan/faninfo?devId=124 HTTP/1.1" 200 1175
0:0:0:0:0:0:0:1 - - [04/Jun/2020:15:18:45 +0800] "POST /pressureflow/newFlow?devid=136 HTTP/1.1" 200 558
0:0:0:0:0:0:0:1 - - [04/Jun/2020:15:19:51 +0800] "POST /fan/fanlist HTTP/1.1" 500 1462
0:0:0:0:0:0:0:1 - - [04/Jun/2020:15:21:49 +0800] "POST /fan/fanlist HTTP/1.1" 200 773
0:0:0:0:0:0:0:1 - - [04/Jun/2020:15:22:06 +0800] "POST /fan/faninfo?devid=124 HTTP/1.1" 200 1223
0:0:0:0:0:0:0:1 - - [04/Jun/2020:15:22:20 +0800] "POST /fan/faninfo?devid=124 HTTP/1.1" 200 1223
0:0:0:0:0:0:0:1 - - [04/Jun/2020:15:23:04 +0800] "POST /fan/faninfo?devId=124 HTTP/1.1" 200 99
0:0:0:0:0:0:0:1 - - [04/Jun/2020:15:36:08 +0800] "POST /fan/mstonline/status HTTP/1.1" 404 152
0:0:0:0:0:0:0:1 - - [04/Jun/2020:15:37:50 +0800] "POST /fan/mstonline/status HTTP/1.1" 404 152
0:0:0:0:0:0:0:1 - - [04/Jun/2020:15:37:52 +0800] "POST /fan/mstonline/status HTTP/1.1" 404 152
0:0:0:0:0:0:0:1 - - [04/Jun/2020:15:38:17 +0800] "POST /mstonline/status HTTP/1.1" 200 63
0:0:0:0:0:0:0:1 - - [04/Jun/2020:15:38:20 +0800] "POST /mstonline/status HTTP/1.1" 200 63
0:0:0:0:0:0:0:1 - - [04/Jun/2020:15:38:34 +0800] "POST /mstonline/status HTTP/1.1" 200 63
0:0:0:0:0:0:0:1 - - [04/Jun/2020:15:38:35 +0800] "POST /mstonline/status HTTP/1.1" 200 63
0:0:0:0:0:0:0:1 - - [04/Jun/2020:15:38:35 +0800] "POST /mstonline/status HTTP/1.1" 200 63
0:0:0:0:0:0:0:1 - - [04/Jun/2020:15:38:36 +0800] "POST /mstonline/status HTTP/1.1" 200 63
0:0:0:0:0:0:0:1 - - [04/Jun/2020:15:38:36 +0800] "POST /mstonline/status HTTP/1.1" 200 69
0:0:0:0:0:0:0:1 - - [04/Jun/2020:15:38:37 +0800] "POST /mstonline/status HTTP/1.1" 200 69
0:0:0:0:0:0:0:1 - - [04/Jun/2020:15:38:37 +0800] "POST /mstonline/status HTTP/1.1" 200 69
127.0.0.1 - - [04/Jun/2020:15:39:08 +0800] "POST /mstonline/status HTTP/1.1" 200 125
0:0:0:0:0:0:0:1 - - [04/Jun/2020:15:44:44 +0800] "POST /mstonline/isopen HTTP/1.1" 200 59
0:0:0:0:0:0:0:1 - - [04/Jun/2020:15:48:25 +0800] "POST /fan/faninfo?devId=124 HTTP/1.1" 200 98
0:0:0:0:0:0:0:1 - - [04/Jun/2020:15:57:13 +0800] "POST /fan/faninfo?devId=124 HTTP/1.1" 200 98
0:0:0:0:0:0:0:1 - - [04/Jun/2020:16:06:07 +0800] "POST /fan/faninfo?devId=1 HTTP/1.1" 200 2
0:0:0:0:0:0:0:1 - - [04/Jun/2020:16:06:13 +0800] "POST /fan/faninfo?devId=1 HTTP/1.1" 200 2
0:0:0:0:0:0:0:1 - - [04/Jun/2020:16:06:36 +0800] "POST /fan/faninfo?devId=1 HTTP/1.1" 200 2
0:0:0:0:0:0:0:1 - - [04/Jun/2020:16:06:38 +0800] "POST /fan/faninfo?devId=1 HTTP/1.1" 200 2
0:0:0:0:0:0:0:1 - - [04/Jun/2020:16:06:38 +0800] "POST /fan/faninfo?devId=1 HTTP/1.1" 200 2
0:0:0:0:0:0:0:1 - - [04/Jun/2020:16:06:39 +0800] "POST /fan/faninfo?devId=1 HTTP/1.1" 200 2
0:0:0:0:0:0:0:1 - - [04/Jun/2020:16:06:48 +0800] "POST /fan/faninfo?devId=124 HTTP/1.1" 200 93
0:0:0:0:0:0:0:1 - - [04/Jun/2020:16:08:33 +0800] "POST /fan/faninfo?devId=124 HTTP/1.1" 200 93
0:0:0:0:0:0:0:1 - - [04/Jun/2020:18:02:34 +0800] "POST /dev/realtimedata HTTP/1.1" 200 5779
