0:0:0:0:0:0:0:1 - - [27/May/2020:09:32:30 +0800] "GET /dev/alldevdata HTTP/1.1" 500 217
0:0:0:0:0:0:0:1 - - [27/May/2020:09:32:47 +0800] "GET /jwt/login?username=yx&password=222 HTTP/1.1" 405 164
0:0:0:0:0:0:0:1 - - [27/May/2020:09:33:54 +0800] "GET /jwt/login?username=yx&password=222 HTTP/1.1" 405 164
0:0:0:0:0:0:0:1 - - [27/May/2020:09:33:59 +0800] "POST /jwt/login?username=yx&password=222 HTTP/1.1" 200 802
0:0:0:0:0:0:0:1 - - [27/May/2020:09:34:25 +0800] "POST /dev/alldevdata HTTP/1.1" 200 303
0:0:0:0:0:0:0:1 - - [27/May/2020:09:46:50 +0800] "POST /dust/monitordayDust?devid=104 HTTP/1.1" 200 466
0:0:0:0:0:0:0:1 - - [27/May/2020:09:46:56 +0800] "POST /dust/monitordayDust?devid=1 HTTP/1.1" 200 466
0:0:0:0:0:0:0:1 - - [27/May/2020:09:46:58 +0800] "POST /dust/monitordayDust?devid=1 HTTP/1.1" 200 466
0:0:0:0:0:0:0:1 - - [27/May/2020:09:46:59 +0800] "POST /dust/monitordayDust?devid=1 HTTP/1.1" 200 466
0:0:0:0:0:0:0:1 - - [27/May/2020:09:47:03 +0800] "POST /dust/monitordayDust?devid=1 HTTP/1.1" 200 466
0:0:0:0:0:0:0:1 - - [27/May/2020:15:07:59 +0800] "POST /param/update?id=1&devId=119&cparam=T&cvalue=30&cvalue2=40&idelaytime=4 HTTP/1.1" 200 35
0:0:0:0:0:0:0:1 - - [27/May/2020:15:08:39 +0800] "POST /param/update?id=1&devId=119&cparam=T&cvalue=30&cvalue2=40&idelaytime=4 HTTP/1.1" 200 35
0:0:0:0:0:0:0:1 - - [27/May/2020:15:12:06 +0800] "POST /param/update?id=1&devId=119&cparam=T&cvalue=30&cvalue2=40&idelaytime=4 HTTP/1.1" 200 35
0:0:0:0:0:0:0:1 - - [27/May/2020:15:12:08 +0800] "POST /param/update?id=1&devId=119&cparam=T&cvalue=30&cvalue2=40&idelaytime=4 HTTP/1.1" 200 35
0:0:0:0:0:0:0:1 - - [27/May/2020:15:12:09 +0800] "POST /param/update?id=1&devId=119&cparam=T&cvalue=30&cvalue2=40&idelaytime=4 HTTP/1.1" 200 35
0:0:0:0:0:0:0:1 - - [27/May/2020:15:12:10 +0800] "POST /param/update?id=1&devId=119&cparam=T&cvalue=30&cvalue2=40&idelaytime=4 HTTP/1.1" 200 35
0:0:0:0:0:0:0:1 - - [27/May/2020:15:12:10 +0800] "POST /param/update?id=1&devId=119&cparam=T&cvalue=30&cvalue2=40&idelaytime=4 HTTP/1.1" 200 35
0:0:0:0:0:0:0:1 - - [27/May/2020:15:12:26 +0800] "POST /param/update?id=1&devId=119&cparam=T&cvalue=30&cvalue2=40&idelaytime=4 HTTP/1.1" 200 35
0:0:0:0:0:0:0:1 - - [27/May/2020:15:13:32 +0800] "POST /param/update?id=1&devId=119&cparam=T&cvalue=30&cvalue2=40&idelaytime=4 HTTP/1.1" 200 35
0:0:0:0:0:0:0:1 - - [27/May/2020:15:14:27 +0800] "POST /param/update?id=1&devId=119&cparam=T&cvalue=30&cvalue2=40&idelaytime=4 HTTP/1.1" 200 35
0:0:0:0:0:0:0:1 - - [27/May/2020:15:15:43 +0800] "POST /param/update?id=1&devId=119&cparam=T&cvalue=30&cvalue2=40&idelaytime=4 HTTP/1.1" 200 35
0:0:0:0:0:0:0:1 - - [27/May/2020:15:18:27 +0800] "POST /temperature/ftList HTTP/1.1" 200 79
0:0:0:0:0:0:0:1 - - [27/May/2020:15:18:30 +0800] "POST /temperature/ftList HTTP/1.1" 200 79
0:0:0:0:0:0:0:1 - - [27/May/2020:15:18:30 +0800] "POST /temperature/ftList HTTP/1.1" 200 79
0:0:0:0:0:0:0:1 - - [27/May/2020:15:18:41 +0800] "POST /temperature/ftList HTTP/1.1" 200 79
0:0:0:0:0:0:0:1 - - [27/May/2020:15:22:05 +0800] "POST /gas/gaslist?type=5 HTTP/1.1" 200 16467
0:0:0:0:0:0:0:1 - - [27/May/2020:15:33:12 +0800] "POST /gas/gaslist?type=5 HTTP/1.1" 200 16467
0:0:0:0:0:0:0:1 - - [27/May/2020:15:33:17 +0800] "POST /gas/gaslist?type=5 HTTP/1.1" 200 16467
0:0:0:0:0:0:0:1 - - [27/May/2020:15:39:35 +0800] "POST /gas/gaslist?type=5 HTTP/1.1" 200 16467
0:0:0:0:0:0:0:1 - - [27/May/2020:15:47:56 +0800] "POST /gas/gaslist?type=5 HTTP/1.1" 200 16467
0:0:0:0:0:0:0:1 - - [27/May/2020:15:48:15 +0800] "POST /gas/gaslist?type=5 HTTP/1.1" 200 16467
0:0:0:0:0:0:0:1 - - [27/May/2020:15:52:46 +0800] "POST /gas/gaslist?type=6 HTTP/1.1" 200 16650
0:0:0:0:0:0:0:1 - - [27/May/2020:15:52:59 +0800] "POST /gas/gaslist HTTP/1.1" 500 1905
0:0:0:0:0:0:0:1 - - [27/May/2020:15:53:01 +0800] "POST /gas/gaslist HTTP/1.1" 500 1905
0:0:0:0:0:0:0:1 - - [27/May/2020:16:02:32 +0800] "POST /gas/gaslist HTTP/1.1" 500 2490
0:0:0:0:0:0:0:1 - - [27/May/2020:16:02:34 +0800] "POST /gas/gaslist HTTP/1.1" 500 2490
0:0:0:0:0:0:0:1 - - [27/May/2020:16:03:16 +0800] "POST /gas/gaslist HTTP/1.1" 500 1926
0:0:0:0:0:0:0:1 - - [27/May/2020:16:11:33 +0800] "POST /gas/gaslist HTTP/1.1" 200 19959
0:0:0:0:0:0:0:1 - - [27/May/2020:16:13:00 +0800] "POST /gas/gaslist HTTP/1.1" 200 19959
0:0:0:0:0:0:0:1 - - [27/May/2020:16:13:31 +0800] "POST /gas/gaslist HTTP/1.1" 200 19959
0:0:0:0:0:0:0:1 - - [27/May/2020:16:13:53 +0800] "POST /gas/gaslist?type=5 HTTP/1.1" 500 1978
0:0:0:0:0:0:0:1 - - [27/May/2020:16:36:14 +0800] "POST /gas/gaslist?type=5 HTTP/1.1" 500 1841
0:0:0:0:0:0:0:1 - - [27/May/2020:16:38:37 +0800] "POST /gas/gaslist?type=5 HTTP/1.1" 500 1841
0:0:0:0:0:0:0:1 - - [27/May/2020:16:40:05 +0800] "POST /gas/gaslist?type=5 HTTP/1.1" 200 33282
0:0:0:0:0:0:0:1 - - [27/May/2020:16:40:25 +0800] "POST /gas/gaslist?type=5 HTTP/1.1" 200 33282
0:0:0:0:0:0:0:1 - - [27/May/2020:17:00:28 +0800] "POST /gas/gaslist?type=5 HTTP/1.1" 500 1876
0:0:0:0:0:0:0:1 - - [27/May/2020:17:00:39 +0800] "POST /gas/gaslist?type=5 HTTP/1.1" 500 1876
127.0.0.1 - - [27/May/2020:17:04:10 +0800] "POST /gas/gaslist?type=5 HTTP/1.1" 200 16466
0:0:0:0:0:0:0:1 - - [27/May/2020:17:07:23 +0800] "POST /gas/gaslist?type=5 HTTP/1.1" 200 16466
0:0:0:0:0:0:0:1 - - [27/May/2020:17:08:03 +0800] "POST /gas/gaslist?type=5 HTTP/1.1" 200 9968
0:0:0:0:0:0:0:1 - - [27/May/2020:17:08:57 +0800] "POST /gas/gaslist?type=6 HTTP/1.1" 200 10059
0:0:0:0:0:0:0:1 - - [27/May/2020:17:11:42 +0800] "POST /dev/newstatus HTTP/1.1" 200 25585
0:0:0:0:0:0:0:1 - - [27/May/2020:17:11:42 +0800] "POST /dev/newstatus?devid=1 HTTP/1.1" 200 79
0:0:0:0:0:0:0:1 - - [27/May/2020:17:17:10 +0800] "POST /dev/newstatus?devid=1 HTTP/1.1" 200 251
0:0:0:0:0:0:0:1 - - [27/May/2020:17:21:28 +0800] "POST /param/update?cvalue=100&cparam=T&cvalue2=120&devId=136 HTTP/1.1" 200 35
0:0:0:0:0:0:0:1 - - [27/May/2020:17:22:30 +0800] "POST /param/update?cvalue=100&cparam=120&cvalue2=120&devId=136 HTTP/1.1" 200 35
0:0:0:0:0:0:0:1 - - [27/May/2020:17:22:56 +0800] "POST /param/update?cvalue=100&cparam=80&cvalue2=120&devId=120 HTTP/1.1" 200 35
0:0:0:0:0:0:0:1 - - [27/May/2020:17:23:23 +0800] "POST /param/update?cvalue=100&cparam=T&cvalue2=120&devId=120 HTTP/1.1" 200 35
0:0:0:0:0:0:0:1 - - [27/May/2020:17:23:58 +0800] "POST /param/update?cvalue=100&cparam=T&cvalue2=120&devId=120 HTTP/1.1" 200 35
0:0:0:0:0:0:0:1 - - [27/May/2020:18:07:49 +0800] "POST /user/search HTTP/1.1" 200 2005
0:0:0:0:0:0:0:1 - - [27/May/2020:18:33:32 +0800] "POST /user/search HTTP/1.1" 200 2005
0:0:0:0:0:0:0:1 - - [27/May/2020:18:33:57 +0800] "POST /user/search HTTP/1.1" 200 2005
0:0:0:0:0:0:0:1 - - [27/May/2020:18:34:29 +0800] "POST /user/search HTTP/1.1" 200 2005
0:0:0:0:0:0:0:1 - - [27/May/2020:18:35:16 +0800] "POST /user/search HTTP/1.1" 200 2005
0:0:0:0:0:0:0:1 - - [27/May/2020:18:35:17 +0800] "POST /user/search HTTP/1.1" 200 2005
0:0:0:0:0:0:0:1 - - [27/May/2020:18:35:18 +0800] "POST /user/search HTTP/1.1" 200 2005
0:0:0:0:0:0:0:1 - - [27/May/2020:18:35:19 +0800] "POST /user/search HTTP/1.1" 200 2005
0:0:0:0:0:0:0:1 - - [27/May/2020:18:35:20 +0800] "POST /user/search HTTP/1.1" 200 2005
0:0:0:0:0:0:0:1 - - [27/May/2020:18:35:20 +0800] "POST /user/search HTTP/1.1" 200 2005
0:0:0:0:0:0:0:1 - - [27/May/2020:18:35:27 +0800] "POST /user/search HTTP/1.1" 200 2005
0:0:0:0:0:0:0:1 - - [27/May/2020:18:36:18 +0800] "POST /user/search HTTP/1.1" 200 2005
0:0:0:0:0:0:0:1 - - [27/May/2020:18:37:12 +0800] "POST /user/search HTTP/1.1" 200 2005
0:0:0:0:0:0:0:1 - - [27/May/2020:18:37:16 +0800] "POST /user/search HTTP/1.1" 200 2005
0:0:0:0:0:0:0:1 - - [27/May/2020:18:37:17 +0800] "POST /user/search HTTP/1.1" 200 2005
0:0:0:0:0:0:0:1 - - [27/May/2020:18:37:17 +0800] "POST /user/search HTTP/1.1" 200 2005
0:0:0:0:0:0:0:1 - - [27/May/2020:18:37:18 +0800] "POST /user/search HTTP/1.1" 200 2005
0:0:0:0:0:0:0:1 - - [27/May/2020:18:37:18 +0800] "POST /user/search HTTP/1.1" 200 2005
0:0:0:0:0:0:0:1 - - [27/May/2020:18:37:19 +0800] "POST /user/search HTTP/1.1" 200 2005
0:0:0:0:0:0:0:1 - - [27/May/2020:18:37:19 +0800] "POST /user/search HTTP/1.1" 200 2005
0:0:0:0:0:0:0:1 - - [27/May/2020:18:37:20 +0800] "POST /user/search HTTP/1.1" 200 2005
0:0:0:0:0:0:0:1 - - [27/May/2020:18:37:37 +0800] "POST /user/search HTTP/1.1" 200 2005
0:0:0:0:0:0:0:1 - - [27/May/2020:18:38:56 +0800] "POST /user/search HTTP/1.1" 200 2141
0:0:0:0:0:0:0:1 - - [27/May/2020:18:46:08 +0800] "POST /dust/monitordayDust?devid=77 HTTP/1.1" 200 466
0:0:0:0:0:0:0:1 - - [27/May/2020:18:47:47 +0800] "POST /dust/monitordayDust?devid=77 HTTP/1.1" 200 466
0:0:0:0:0:0:0:1 - - [27/May/2020:19:02:12 +0800] "POST /gas/dayCh4?devid=101 HTTP/1.1" 200 467
0:0:0:0:0:0:0:1 - - [27/May/2020:19:03:19 +0800] "POST /dust/monitordayDust?devid=104 HTTP/1.1" 200 466
0:0:0:0:0:0:0:1 - - [27/May/2020:19:07:23 +0800] "POST /dust/monitordayDust?devid=104 HTTP/1.1" 200 466
0:0:0:0:0:0:0:1 - - [27/May/2020:19:07:31 +0800] "POST /temperature/monitordayFt?devid=3 HTTP/1.1" 200 13065
