0:0:0:0:0:0:0:1 - - [03/Jun/2020:09:34:41 +0800] "POST /jwt/login?username=yx&password=222 HTTP/1.1" 200 802
0:0:0:0:0:0:0:1 - - [03/Jun/2020:09:46:08 +0800] "POST /temperature/ftList HTTP/1.1" 200 2396
0:0:0:0:0:0:0:1 - - [03/Jun/2020:09:50:33 +0800] "POST /user/search HTTP/1.1" 200 1807
0:0:0:0:0:0:0:1 - - [03/Jun/2020:10:28:26 +0800] "POST /fan/dayfan?devid=111 HTTP/1.1" 200 335
0:0:0:0:0:0:0:1 - - [03/Jun/2020:10:46:11 +0800] "POST /fan/faninfo?devid=110 HTTP/1.1" 200 80
0:0:0:0:0:0:0:1 - - [03/Jun/2020:10:48:04 +0800] "POST /fan/faninfo?devid=1231 HTTP/1.1" 200 2
0:0:0:0:0:0:0:1 - - [03/Jun/2020:10:48:08 +0800] "POST /fan/faninfo?devid=1231 HTTP/1.1" 200 2
0:0:0:0:0:0:0:1 - - [03/Jun/2020:10:49:02 +0800] "POST /fan/faninfo?devid=9 HTTP/1.1" 200 561
0:0:0:0:0:0:0:1 - - [03/Jun/2020:10:50:34 +0800] "POST /fan/faninfo?devid=9 HTTP/1.1" 200 556
0:0:0:0:0:0:0:1 - - [03/Jun/2020:10:51:49 +0800] "POST /fan/faninfo?devId=9 HTTP/1.1" 200 12754
0:0:0:0:0:0:0:1 - - [03/Jun/2020:10:51:54 +0800] "POST /fan/faninfo?devId=9 HTTP/1.1" 200 12754
0:0:0:0:0:0:0:1 - - [03/Jun/2020:10:52:07 +0800] "POST /fan/faninfo?devId=9 HTTP/1.1" 200 12754
0:0:0:0:0:0:0:1 - - [03/Jun/2020:10:54:36 +0800] "POST /fan/faninfo?devId=9 HTTP/1.1" 200 556
0:0:0:0:0:0:0:1 - - [03/Jun/2020:10:55:16 +0800] "POST /fan/faninfo?devId=9 HTTP/1.1" 200 87
0:0:0:0:0:0:0:1 - - [03/Jun/2020:10:55:17 +0800] "POST /fan/faninfo?devId=9 HTTP/1.1" 200 87
0:0:0:0:0:0:0:1 - - [03/Jun/2020:10:55:25 +0800] "POST /fan/faninfo?devId=9 HTTP/1.1" 200 87
0:0:0:0:0:0:0:1 - - [03/Jun/2020:10:55:27 +0800] "POST /fan/faninfo?devId=9 HTTP/1.1" 200 87
0:0:0:0:0:0:0:1 - - [03/Jun/2020:10:55:27 +0800] "POST /fan/faninfo?devId=9 HTTP/1.1" 200 87
0:0:0:0:0:0:0:1 - - [03/Jun/2020:10:55:28 +0800] "POST /fan/faninfo?devId=9 HTTP/1.1" 200 556
0:0:0:0:0:0:0:1 - - [03/Jun/2020:10:55:28 +0800] "POST /fan/faninfo?devId=9 HTTP/1.1" 200 556
0:0:0:0:0:0:0:1 - - [03/Jun/2020:11:07:07 +0800] "POST /fan/faninfo?devId=9 HTTP/1.1" 200 556
0:0:0:0:0:0:0:1 - - [03/Jun/2020:11:07:08 +0800] "POST /fan/faninfo?devId=9 HTTP/1.1" 200 556
0:0:0:0:0:0:0:1 - - [03/Jun/2020:11:07:09 +0800] "POST /fan/faninfo?devId=9 HTTP/1.1" 200 556
0:0:0:0:0:0:0:1 - - [03/Jun/2020:11:07:10 +0800] "POST /fan/faninfo?devId=9 HTTP/1.1" 200 556
0:0:0:0:0:0:0:1 - - [03/Jun/2020:11:07:11 +0800] "POST /fan/faninfo?devId=9 HTTP/1.1" 200 556
0:0:0:0:0:0:0:1 - - [03/Jun/2020:11:07:11 +0800] "POST /fan/faninfo?devId=9 HTTP/1.1" 200 556
127.0.0.1 - - [03/Jun/2020:11:07:28 +0800] "POST /fan/faninfo?devId=9 HTTP/1.1" 200 556
127.0.0.1 - - [03/Jun/2020:11:07:30 +0800] "POST /fan/faninfo?devId=9 HTTP/1.1" 200 556
127.0.0.1 - - [03/Jun/2020:11:07:34 +0800] "POST /fan/faninfo?devId=9 HTTP/1.1" 200 556
0:0:0:0:0:0:0:1 - - [03/Jun/2020:11:10:18 +0800] "POST /fan/faninfo?devId=9 HTTP/1.1" 200 556
0:0:0:0:0:0:0:1 - - [03/Jun/2020:11:10:20 +0800] "POST /fan/faninfo?devId=9 HTTP/1.1" 200 556
0:0:0:0:0:0:0:1 - - [03/Jun/2020:11:11:27 +0800] "POST /fan/faninfo?devId=9 HTTP/1.1" 200 112
0:0:0:0:0:0:0:1 - - [03/Jun/2020:11:11:36 +0800] "POST /fan/faninfo?devId=9 HTTP/1.1" 200 112
0:0:0:0:0:0:0:1 - - [03/Jun/2020:11:13:19 +0800] "POST /fan/faninfo?devId=9 HTTP/1.1" 200 112
0:0:0:0:0:0:0:1 - - [03/Jun/2020:11:13:20 +0800] "POST /fan/faninfo?devId=9 HTTP/1.1" 200 112
0:0:0:0:0:0:0:1 - - [03/Jun/2020:11:13:20 +0800] "POST /fan/faninfo?devId=9 HTTP/1.1" 200 112
0:0:0:0:0:0:0:1 - - [03/Jun/2020:11:13:21 +0800] "POST /fan/faninfo?devId=9 HTTP/1.1" 200 112
0:0:0:0:0:0:0:1 - - [03/Jun/2020:11:13:21 +0800] "POST /fan/faninfo?devId=9 HTTP/1.1" 200 112
0:0:0:0:0:0:0:1 - - [03/Jun/2020:11:13:22 +0800] "POST /fan/faninfo?devId=9 HTTP/1.1" 200 112
0:0:0:0:0:0:0:1 - - [03/Jun/2020:11:13:23 +0800] "POST /fan/faninfo?devId=9 HTTP/1.1" 200 112
0:0:0:0:0:0:0:1 - - [03/Jun/2020:11:13:23 +0800] "POST /fan/faninfo?devId=9 HTTP/1.1" 200 112
0:0:0:0:0:0:0:1 - - [03/Jun/2020:11:13:28 +0800] "POST /fan/faninfo?devId=9 HTTP/1.1" 200 112
0:0:0:0:0:0:0:1 - - [03/Jun/2020:11:38:32 +0800] "POST /fan/faninfo?devId=9 HTTP/1.1" 200 118
0:0:0:0:0:0:0:1 - - [03/Jun/2020:11:38:58 +0800] "POST /fan/faninfo?devId=9 HTTP/1.1" 200 118
0:0:0:0:0:0:0:1 - - [03/Jun/2020:11:42:10 +0800] "POST /fan/faninfo?devId=9 HTTP/1.1" 200 118
0:0:0:0:0:0:0:1 - - [03/Jun/2020:11:42:56 +0800] "POST /fan/faninfo?devId=9 HTTP/1.1" 200 122
0:0:0:0:0:0:0:1 - - [03/Jun/2020:11:43:04 +0800] "POST /fan/faninfo?devId=9 HTTP/1.1" 200 122
0:0:0:0:0:0:0:1 - - [03/Jun/2020:11:46:21 +0800] "POST /fan/faninfo?devId=9 HTTP/1.1" 200 122
0:0:0:0:0:0:0:1 - - [03/Jun/2020:11:46:38 +0800] "POST /fan/faninfo?devId=9 HTTP/1.1" 200 122
0:0:0:0:0:0:0:1 - - [03/Jun/2020:11:46:40 +0800] "POST /fan/faninfo?devId=9 HTTP/1.1" 200 122
0:0:0:0:0:0:0:1 - - [03/Jun/2020:11:57:03 +0800] "POST /fan/faninfo?devId=9 HTTP/1.1" 200 115
0:0:0:0:0:0:0:1 - - [03/Jun/2020:14:41:38 +0800] "POST /fan/update?staus=0 HTTP/1.1" 404 142
0:0:0:0:0:0:0:1 - - [03/Jun/2020:14:41:49 +0800] "POST /fan/updatefan?staus=0 HTTP/1.1" 200 58
0:0:0:0:0:0:0:1 - - [03/Jun/2020:14:42:53 +0800] "POST /fan/updatefan?status=0 HTTP/1.1" 200 58
0:0:0:0:0:0:0:1 - - [03/Jun/2020:14:57:00 +0800] "POST /fan/updatefan?status=0 HTTP/1.1" 200 58
0:0:0:0:0:0:0:1 - - [03/Jun/2020:15:21:36 +0800] "POST /fan HTTP/1.1" 404 135
0:0:0:0:0:0:0:1 - - [03/Jun/2020:15:21:46 +0800] "POST /dev/fanlist HTTP/1.1" 200 1496
0:0:0:0:0:0:0:1 - - [03/Jun/2020:15:38:45 +0800] "POST /cannon/cannonlist?currentPage=2&pageSize=15 HTTP/1.1" 200 77
0:0:0:0:0:0:0:1 - - [03/Jun/2020:15:38:50 +0800] "POST /cannon/cannonlist HTTP/1.1" 200 846
0:0:0:0:0:0:0:1 - - [03/Jun/2020:17:05:25 +0800] "POST /customer/getword HTTP/1.1" 200 65
0:0:0:0:0:0:0:1 - - [03/Jun/2020:17:18:49 +0800] "POST /dev/realtimedata HTTP/1.1" 500 160
0:0:0:0:0:0:0:1 - - [03/Jun/2020:17:20:37 +0800] "POST /dev/realtimedata HTTP/1.1" 500 160
0:0:0:0:0:0:0:1 - - [03/Jun/2020:17:24:20 +0800] "POST /dev/realtimedata HTTP/1.1" 200 5771
0:0:0:0:0:0:0:1 - - [03/Jun/2020:17:24:56 +0800] "POST /dev/realtimedata HTTP/1.1" 200 5771
0:0:0:0:0:0:0:1 - - [03/Jun/2020:17:24:57 +0800] "POST /dev/realtimedata HTTP/1.1" 200 5771
0:0:0:0:0:0:0:1 - - [03/Jun/2020:17:24:58 +0800] "POST /dev/realtimedata HTTP/1.1" 200 5788
0:0:0:0:0:0:0:1 - - [03/Jun/2020:17:24:59 +0800] "POST /dev/realtimedata HTTP/1.1" 200 5788
0:0:0:0:0:0:0:1 - - [03/Jun/2020:17:25:20 +0800] "POST /dev/realtimedata HTTP/1.1" 200 5788
0:0:0:0:0:0:0:1 - - [03/Jun/2020:17:25:22 +0800] "POST /dev/realtimedata HTTP/1.1" 200 5788
0:0:0:0:0:0:0:1 - - [03/Jun/2020:17:25:33 +0800] "POST /dev/realtimedata HTTP/1.1" 200 5788
0:0:0:0:0:0:0:1 - - [03/Jun/2020:17:30:03 +0800] "POST /param/list HTTP/1.1" 200 652
0:0:0:0:0:0:0:1 - - [03/Jun/2020:17:30:45 +0800] "POST /param/list?cparam=PF HTTP/1.1" 200 109
0:0:0:0:0:0:0:1 - - [03/Jun/2020:17:30:55 +0800] "POST /param/list?cparam=PF HTTP/1.1" 200 109
0:0:0:0:0:0:0:1 - - [03/Jun/2020:17:40:56 +0800] "POST /customer/?icustomerid=2&info=%E6%AD%A1%E8%BF%8E%E6%AD%A1%E8%BF%8E HTTP/1.1" 200 441
0:0:0:0:0:0:0:1 - - [03/Jun/2020:17:42:02 +0800] "POST /customer/updateword?icustomerid=2&info=%E6%AD%A1%E8%BF%8E%E6%AD%A1%E8%BF%8E HTTP/1.1" 500 1256
0:0:0:0:0:0:0:1 - - [03/Jun/2020:17:42:35 +0800] "POST /customer/updateword?icustomerid=2&info=%E6%AD%A1%E8%BF%8E%E6%AD%A1%E8%BF%8E HTTP/1.1" 200 35
0:0:0:0:0:0:0:1 - - [03/Jun/2020:17:53:13 +0800] "POST /cannon/cannonlist HTTP/1.1" 200 931
