0:0:0:0:0:0:0:1 - - [29/May/2020:09:32:41 +0800] "POST /jwt/login?username=yx&password=222 HTTP/1.1" 200 802
0:0:0:0:0:0:0:1 - - [29/May/2020:09:33:04 +0800] "POST /temperature/monitordayFt?devid=3 HTTP/1.1" 200 540
0:0:0:0:0:0:0:1 - - [29/May/2020:09:33:18 +0800] "POST /temperature/monitordayFt?devid=3 HTTP/1.1" 200 540
0:0:0:0:0:0:0:1 - - [29/May/2020:10:39:57 +0800] "POST /pressureflow/dayPress?hid=136 HTTP/1.1" 500 149
0:0:0:0:0:0:0:1 - - [29/May/2020:10:40:24 +0800] "POST /pressureflow/dayPress?devid=136 HTTP/1.1" 200 465
0:0:0:0:0:0:0:1 - - [29/May/2020:11:27:01 +0800] "POST /dev/realtimedata HTTP/1.1" 500 160
0:0:0:0:0:0:0:1 - - [29/May/2020:11:36:33 +0800] "POST /dev/realtimedata HTTP/1.1" 500 160
0:0:0:0:0:0:0:1 - - [29/May/2020:11:37:32 +0800] "POST /dev/realtimedata HTTP/1.1" 500 160
0:0:0:0:0:0:0:1 - - [29/May/2020:11:39:29 +0800] "POST /dev/realtimedata HTTP/1.1" 500 160
0:0:0:0:0:0:0:1 - - [29/May/2020:11:40:07 +0800] "POST /dev/realtimedata HTTP/1.1" 500 141
0:0:0:0:0:0:0:1 - - [29/May/2020:11:42:02 +0800] "POST /dev/realtimedata HTTP/1.1" 500 141
0:0:0:0:0:0:0:1 - - [29/May/2020:11:42:05 +0800] "POST /dev/realtimedata HTTP/1.1" 500 141
0:0:0:0:0:0:0:1 - - [29/May/2020:11:42:06 +0800] "POST /dev/realtimedata HTTP/1.1" 500 160
0:0:0:0:0:0:0:1 - - [29/May/2020:11:42:07 +0800] "POST /dev/realtimedata HTTP/1.1" 500 160
0:0:0:0:0:0:0:1 - - [29/May/2020:11:42:14 +0800] "POST /dev/realtimedata HTTP/1.1" 500 160
0:0:0:0:0:0:0:1 - - [29/May/2020:11:43:29 +0800] "POST /dev/realtimedata HTTP/1.1" 500 160
0:0:0:0:0:0:0:1 - - [29/May/2020:11:43:40 +0800] "POST /dev/realtimedata HTTP/1.1" 500 160
0:0:0:0:0:0:0:1 - - [29/May/2020:11:44:33 +0800] "POST /dev/realtimedata HTTP/1.1" 500 160
0:0:0:0:0:0:0:1 - - [29/May/2020:11:44:34 +0800] "POST /dev/realtimedata HTTP/1.1" 500 160
0:0:0:0:0:0:0:1 - - [29/May/2020:11:44:35 +0800] "POST /dev/realtimedata HTTP/1.1" 500 160
0:0:0:0:0:0:0:1 - - [29/May/2020:11:44:36 +0800] "POST /dev/realtimedata HTTP/1.1" 500 160
0:0:0:0:0:0:0:1 - - [29/May/2020:11:45:18 +0800] "POST /dev/realtimedata HTTP/1.1" 200 5627
0:0:0:0:0:0:0:1 - - [29/May/2020:17:31:44 +0800] "POST /fan/updatefan?id=110&is_auto=1&status=1 HTTP/1.1" 500 157
0:0:0:0:0:0:0:1 - - [29/May/2020:17:32:13 +0800] "POST /jwt/login?username=yx&password=222 HTTP/1.1" 200 802
0:0:0:0:0:0:0:1 - - [29/May/2020:17:32:56 +0800] "POST /fan/updatefan?id=110&is_auto=1&status=1 HTTP/1.1" 500 157
0:0:0:0:0:0:0:1 - - [29/May/2020:17:32:58 +0800] "POST /fan/updatefan?id=110&is_auto=1&status=1 HTTP/1.1" 500 157
0:0:0:0:0:0:0:1 - - [29/May/2020:17:33:04 +0800] "POST /fan/updatefan?id=110&is_auto=1&status=1 HTTP/1.1" 500 157
0:0:0:0:0:0:0:1 - - [29/May/2020:17:33:19 +0800] "POST /fan/updatefan?id=110&is_auto=1&status=1 HTTP/1.1" 500 157
0:0:0:0:0:0:0:1 - - [29/May/2020:17:33:20 +0800] "POST /fan/updatefan?id=110&is_auto=1&status=1 HTTP/1.1" 500 157
0:0:0:0:0:0:0:1 - - [29/May/2020:17:34:11 +0800] "POST /fan/updatefan?id=110&is_auto=1&status=1 HTTP/1.1" 500 300
0:0:0:0:0:0:0:1 - - [29/May/2020:17:34:27 +0800] "POST /fan/updatefan?id=110&is_auto=1&status=1 HTTP/1.1" 500 300
0:0:0:0:0:0:0:1 - - [29/May/2020:17:38:00 +0800] "POST /fan/updatefan?id=110&is_auto=1&status=1 HTTP/1.1" 200 58
0:0:0:0:0:0:0:1 - - [29/May/2020:17:41:23 +0800] "POST /fan/updatefan?id=110&is_auto=1&status=1 HTTP/1.1" 200 58
0:0:0:0:0:0:0:1 - - [29/May/2020:17:46:13 +0800] "POST /fan/updatefan?id=110&is_auto=1&status=1 HTTP/1.1" 200 58
0:0:0:0:0:0:0:1 - - [29/May/2020:17:48:17 +0800] "POST /fan/updatefan?id=110&is_auto=1&status=1 HTTP/1.1" 200 58
0:0:0:0:0:0:0:1 - - [29/May/2020:17:48:42 +0800] "POST /fan/updatefan?id=110&is_auto=1&status=1 HTTP/1.1" 200 58
0:0:0:0:0:0:0:1 - - [29/May/2020:17:49:32 +0800] "POST /fan/updatefan?id=110&is_auto=1&status=0 HTTP/1.1" 200 58
0:0:0:0:0:0:0:1 - - [29/May/2020:17:55:45 +0800] "POST /pressureflow/updatehydrant?status=1&id=136 HTTP/1.1" 200 58
