0:0:0:0:0:0:0:1 - - [05/Jun/2020:10:18:33 +0800] "POST /customer/getword HTTP/1.1" 200 129
0:0:0:0:0:0:0:1 - - [05/Jun/2020:10:20:14 +0800] "POST /customer/updateword?icustomerid=2&info=%E6%AD%A1%E8%BF%8E%E6%AD%A1%E8%BF%8E HTTP/1.1" 200 35
0:0:0:0:0:0:0:1 - - [05/Jun/2020:10:24:55 +0800] "POST /customer/updateword?icustomerid=2&info=%E6%AD%A1%E8%BF%8E%E6%AD%A1%E8%BF%8E1%0A&id=1 HTTP/1.1" 200 35
0:0:0:0:0:0:0:1 - - [05/Jun/2020:10:25:17 +0800] "POST /customer/getword HTTP/1.1" 200 84
0:0:0:0:0:0:0:1 - - [05/Jun/2020:10:26:24 +0800] "POST /customer/getword HTTP/1.1" 200 98
0:0:0:0:0:0:0:1 - - [05/Jun/2020:10:26:42 +0800] "POST /customer/getword HTTP/1.1" 200 96
0:0:0:0:0:0:0:1 - - [05/Jun/2020:10:27:13 +0800] "POST /customer/getword?icustomerid=1 HTTP/1.1" 200 2
0:0:0:0:0:0:0:1 - - [05/Jun/2020:10:27:17 +0800] "POST /customer/getword?icustomerid=2 HTTP/1.1" 200 96
0:0:0:0:0:0:0:1 - - [05/Jun/2020:10:27:32 +0800] "POST /customer/getword?icustomerid=2&isused=1 HTTP/1.1" 200 49
0:0:0:0:0:0:0:1 - - [05/Jun/2020:10:34:48 +0800] "POST /customer/updateword?icustomerid=2&info=%E6%AD%A1%E8%BF%8E%E6%AD%A1%E8%BF%8E%0A&id=1 HTTP/1.1" 200 35
0:0:0:0:0:0:0:1 - - [05/Jun/2020:10:38:30 +0800] "POST /customer/addword?icustomerid=2&info=hhhh HTTP/1.1" 200 35
0:0:0:0:0:0:0:1 - - [05/Jun/2020:10:46:19 +0800] "POST /customer/deleteword?id=3 HTTP/1.1" 200 35
0:0:0:0:0:0:0:1 - - [05/Jun/2020:11:09:18 +0800] "POST /fan/fanlist HTTP/1.1" 500 214
0:0:0:0:0:0:0:1 - - [05/Jun/2020:11:09:32 +0800] "POST /dev/realtimedata HTTP/1.1" 500 219
0:0:0:0:0:0:0:1 - - [05/Jun/2020:11:09:42 +0800] "POST /jwt/login?username=yx&password=222 HTTP/1.1" 200 841
0:0:0:0:0:0:0:1 - - [05/Jun/2020:11:11:49 +0800] "POST /fan/fanlist HTTP/1.1" 200 773
0:0:0:0:0:0:0:1 - - [05/Jun/2020:11:17:32 +0800] "POST /fan/updatefan?id=124&status=1 HTTP/1.1" 200 58
0:0:0:0:0:0:0:1 - - [05/Jun/2020:11:25:44 +0800] "POST /fan/updatefan?id=124&status=1 HTTP/1.1" 200 58
0:0:0:0:0:0:0:1 - - [05/Jun/2020:11:26:40 +0800] "POST /fan/fanlist HTTP/1.1" 200 773
0:0:0:0:0:0:0:1 - - [05/Jun/2020:14:49:24 +0800] "POST /cannon/cannonlist?cstatus=1 HTTP/1.1" 200 321
0:0:0:0:0:0:0:1 - - [05/Jun/2020:14:50:39 +0800] "POST /cannon/cannonlist?cstatus=1&name=2%23%E6%B6%88%E9%98%B2%E7%82%AE HTTP/1.1" 200 321
0:0:0:0:0:0:0:1 - - [05/Jun/2020:14:50:44 +0800] "POST /cannon/cannonlist?cstatus=1&name=1%23%E6%B6%88%E9%98%B2%E7%82%AE HTTP/1.1" 200 77
0:0:0:0:0:0:0:1 - - [05/Jun/2020:14:50:49 +0800] "POST /cannon/cannonlist?name=1%23%E6%B6%88%E9%98%B2%E7%82%AE HTTP/1.1" 200 323
0:0:0:0:0:0:0:1 - - [05/Jun/2020:14:51:13 +0800] "POST /cannon/cannonlist?name=1%23%E6%B6%88%E9%98%B2%E7%82%AE&status=1 HTTP/1.1" 200 77
0:0:0:0:0:0:0:1 - - [05/Jun/2020:14:51:16 +0800] "POST /cannon/cannonlist?name=1%23%E6%B6%88%E9%98%B2%E7%82%AE&status=0 HTTP/1.1" 200 323
0:0:0:0:0:0:0:1 - - [05/Jun/2020:14:52:12 +0800] "POST /cannon/cannonlist?cstatus=2 HTTP/1.1" 200 77
0:0:0:0:0:0:0:1 - - [05/Jun/2020:14:55:33 +0800] "POST /cannon/cannonlist?status=1 HTTP/1.1" 200 77
0:0:0:0:0:0:0:1 - - [05/Jun/2020:14:55:50 +0800] "POST /cannon/cannonlist?status=1 HTTP/1.1" 200 77
0:0:0:0:0:0:0:1 - - [05/Jun/2020:15:31:28 +0800] "POST /param/update?id=5&devId=3&cparam=T&cvalue=90&cvalue2=113 HTTP/1.1" 200 35
0:0:0:0:0:0:0:1 - - [05/Jun/2020:15:31:28 +0800] "POST /param/update?id=5&devId=3&cparam=T&cvalue=90&cvalue2=112&ischecked=1 HTTP/1.1" 200 35
0:0:0:0:0:0:0:1 - - [05/Jun/2020:15:52:25 +0800] "POST /param/update?id=5&devId=3&cparam=T&cvalue=90&cvalue2=112&ischecked=1 HTTP/1.1" 200 35
0:0:0:0:0:0:0:1 - - [05/Jun/2020:15:52:48 +0800] "POST /param/update?id=5&devId=3&cparam=T&cvalue=90&cvalue2=112&ischecked=1 HTTP/1.1" 200 35
0:0:0:0:0:0:0:1 - - [05/Jun/2020:15:54:54 +0800] "POST /param/update?id=5&devId=3&cparam=T&cvalue=90&cvalue2=118&ischecked=1 HTTP/1.1" 200 35
0:0:0:0:0:0:0:1 - - [05/Jun/2020:16:01:51 +0800] "POST /param/update?id=5&devId=3&cparam=T&cvalue=90&cvalue2=118&ischecked=1 HTTP/1.1" 200 35
0:0:0:0:0:0:0:1 - - [05/Jun/2020:16:04:13 +0800] "POST /param/update?id=5&devId=3&cparam=T&cvalue=90&cvalue2=118&ischecked=1 HTTP/1.1" 200 35
0:0:0:0:0:0:0:1 - - [05/Jun/2020:16:04:29 +0800] "POST /param/update?id=5&devId=3&cparam=T&cvalue=90&cvalue2=118&ischecked=1 HTTP/1.1" 200 35
0:0:0:0:0:0:0:1 - - [05/Jun/2020:16:09:45 +0800] "POST /param/update?id=5&devId=3&cparam=T&cvalue=90&cvalue2=118&ischecked=1 HTTP/1.1" 200 35
0:0:0:0:0:0:0:1 - - [05/Jun/2020:16:13:58 +0800] "POST /param/update?id=5&devId=3&cparam=T&cvalue=90&cvalue2=118&ischecked=1 HTTP/1.1" 200 35
127.0.0.1 - - [05/Jun/2020:16:14:07 +0800] "POST /param/update?id=5&devId=3&cparam=T&cvalue=90&cvalue2=118&ischecked=1 HTTP/1.1" 200 35
127.0.0.1 - - [05/Jun/2020:16:14:09 +0800] "POST /param/update?id=5&devId=3&cparam=T&cvalue=90&cvalue2=118&ischecked=1 HTTP/1.1" 200 35
0:0:0:0:0:0:0:1 - - [05/Jun/2020:16:20:48 +0800] "POST /param/update?id=5&devId=3&cparam=T&cvalue=90&cvalue2=118&ischecked=1 HTTP/1.1" 200 35
0:0:0:0:0:0:0:1 - - [05/Jun/2020:16:29:51 +0800] "POST /param/update?id=5&devId=3&cparam=T&cvalue=90&cvalue2=118&ischecked=1 HTTP/1.1" 200 35
0:0:0:0:0:0:0:1 - - [05/Jun/2020:16:34:31 +0800] "POST /param/update?id=5&devId=3&cparam=T&cvalue=90&cvalue2=118&ischecked=1 HTTP/1.1" 200 35
0:0:0:0:0:0:0:1 - - [05/Jun/2020:16:35:52 +0800] "POST /param/update?id=5&devId=3&cparam=T&cvalue=90&cvalue2=118&ischecked=1 HTTP/1.1" 200 35
0:0:0:0:0:0:0:1 - - [05/Jun/2020:16:36:22 +0800] "POST /param/update?id=5&devId=3&cparam=T&cvalue=90&cvalue2=118&ischecked=1 HTTP/1.1" 200 35
0:0:0:0:0:0:0:1 - - [05/Jun/2020:17:04:49 +0800] "POST /fan/faninfo?devid=124 HTTP/1.1" 500 2151
0:0:0:0:0:0:0:1 - - [05/Jun/2020:17:10:28 +0800] "POST /fan/faninfo?devid=124 HTTP/1.1" 500 2151
0:0:0:0:0:0:0:1 - - [05/Jun/2020:17:13:54 +0800] "POST /fan/faninfo?devid=124 HTTP/1.1" 500 2151
0:0:0:0:0:0:0:1 - - [05/Jun/2020:17:15:13 +0800] "POST /fan/faninfo?devid=124 HTTP/1.1" 500 2151
0:0:0:0:0:0:0:1 - - [05/Jun/2020:17:15:15 +0800] "POST /fan/faninfo?devid=124 HTTP/1.1" 500 2151
0:0:0:0:0:0:0:1 - - [05/Jun/2020:17:18:15 +0800] "POST /fan/faninfo?devid=124 HTTP/1.1" 500 2151
0:0:0:0:0:0:0:1 - - [05/Jun/2020:17:18:17 +0800] "POST /fan/faninfo?devid=124 HTTP/1.1" 500 2151
0:0:0:0:0:0:0:1 - - [05/Jun/2020:17:18:17 +0800] "POST /fan/faninfo?devid=124 HTTP/1.1" 500 2151
0:0:0:0:0:0:0:1 - - [05/Jun/2020:17:18:18 +0800] "POST /fan/faninfo?devid=124 HTTP/1.1" 500 2151
0:0:0:0:0:0:0:1 - - [05/Jun/2020:17:18:18 +0800] "POST /fan/faninfo?devid=124 HTTP/1.1" 500 2151
0:0:0:0:0:0:0:1 - - [05/Jun/2020:17:18:19 +0800] "POST /fan/faninfo?devid=124 HTTP/1.1" 500 2151
0:0:0:0:0:0:0:1 - - [05/Jun/2020:17:18:20 +0800] "POST /fan/faninfo?devid=124 HTTP/1.1" 500 2151
0:0:0:0:0:0:0:1 - - [05/Jun/2020:17:18:21 +0800] "POST /fan/faninfo?devid=124 HTTP/1.1" 500 2151
0:0:0:0:0:0:0:1 - - [05/Jun/2020:17:19:24 +0800] "POST /fan/faninfo?devid=124 HTTP/1.1" 500 2198
0:0:0:0:0:0:0:1 - - [05/Jun/2020:17:20:00 +0800] "POST /fan/faninfo?devid=124 HTTP/1.1" 200 1127
0:0:0:0:0:0:0:1 - - [05/Jun/2020:18:11:10 +0800] "POST /dev/dam HTTP/1.1" 405 163
0:0:0:0:0:0:0:1 - - [05/Jun/2020:18:11:14 +0800] "GET /dev/dam HTTP/1.1" 500 2233
0:0:0:0:0:0:0:1 - - [05/Jun/2020:18:15:19 +0800] "GET /dev/dam HTTP/1.1" 500 2185
0:0:0:0:0:0:0:1 - - [05/Jun/2020:18:16:28 +0800] "GET /dev/dam HTTP/1.1" 200 10018
0:0:0:0:0:0:0:1 - - [05/Jun/2020:18:17:37 +0800] "GET /dev/dam HTTP/1.1" 500 2234
0:0:0:0:0:0:0:1 - - [05/Jun/2020:18:33:02 +0800] "GET /dev/dam HTTP/1.1" 200 10018
0:0:0:0:0:0:0:1 - - [05/Jun/2020:18:33:42 +0800] "GET /dev/dam HTTP/1.1" 200 10018
0:0:0:0:0:0:0:1 - - [05/Jun/2020:18:34:16 +0800] "GET /dev/dam HTTP/1.1" 200 10018
