0:0:0:0:0:0:0:1 - - [26/May/2020:09:17:55 +0800] "POST /pressureflow/hydrantList HTTP/1.1" 500 227
0:0:0:0:0:0:0:1 - - [26/May/2020:09:18:11 +0800] "POST /jwt/login?username=yx&password=222 HTTP/1.1" 200 802
0:0:0:0:0:0:0:1 - - [26/May/2020:09:18:46 +0800] "POST /pressureflow/hydrantList HTTP/1.1" 200 463
0:0:0:0:0:0:0:1 - - [26/May/2020:09:23:47 +0800] "POST /pressureflow/hydrantList HTTP/1.1" 500 227
0:0:0:0:0:0:0:1 - - [26/May/2020:09:23:50 +0800] "POST /pressureflow/hydrantList HTTP/1.1" 500 227
0:0:0:0:0:0:0:1 - - [26/May/2020:09:23:58 +0800] "POST /jet HTTP/1.1" 404 135
0:0:0:0:0:0:0:1 - - [26/May/2020:09:24:05 +0800] "POST /jwt/login?username=yx&password=222 HTTP/1.1" 200 802
0:0:0:0:0:0:0:1 - - [26/May/2020:09:25:11 +0800] "POST /pressureflow/hydrantList?currentPage=1&pageSize=100 HTTP/1.1" 200 268
0:0:0:0:0:0:0:1 - - [26/May/2020:09:25:51 +0800] "POST /pressureflow/hydrantList?currentPage=1&pageSize=100 HTTP/1.1" 200 268
0:0:0:0:0:0:0:1 - - [26/May/2020:09:25:52 +0800] "POST /pressureflow/hydrantList?currentPage=1&pageSize=100 HTTP/1.1" 200 268
0:0:0:0:0:0:0:1 - - [26/May/2020:09:25:53 +0800] "POST /pressureflow/hydrantList?currentPage=1&pageSize=100 HTTP/1.1" 200 463
0:0:0:0:0:0:0:1 - - [26/May/2020:10:25:12 +0800] "POST /temperature/monitordayFt?devid=3 HTTP/1.1" 200 409
0:0:0:0:0:0:0:1 - - [26/May/2020:10:30:22 +0800] "POST /temperature/monitordayFt?devid=3 HTTP/1.1" 200 409
0:0:0:0:0:0:0:1 - - [26/May/2020:10:30:23 +0800] "POST /temperature/monitordayFt?devid=3 HTTP/1.1" 500 175
0:0:0:0:0:0:0:1 - - [26/May/2020:10:30:24 +0800] "POST /temperature/monitordayFt?devid=3 HTTP/1.1" 500 175
0:0:0:0:0:0:0:1 - - [26/May/2020:10:30:24 +0800] "POST /temperature/monitordayFt?devid=3 HTTP/1.1" 500 175
0:0:0:0:0:0:0:1 - - [26/May/2020:10:30:25 +0800] "POST /temperature/monitordayFt?devid=3 HTTP/1.1" 500 175
0:0:0:0:0:0:0:1 - - [26/May/2020:10:31:25 +0800] "POST /temperature/monitordayFt?devid=3 HTTP/1.1" 200 409
0:0:0:0:0:0:0:1 - - [26/May/2020:10:31:28 +0800] "POST /temperature/monitordayFt?devid=3 HTTP/1.1" 200 409
0:0:0:0:0:0:0:1 - - [26/May/2020:10:31:29 +0800] "POST /temperature/monitordayFt?devid=3 HTTP/1.1" 200 409
0:0:0:0:0:0:0:1 - - [26/May/2020:10:31:29 +0800] "POST /temperature/monitordayFt?devid=3 HTTP/1.1" 200 409
0:0:0:0:0:0:0:1 - - [26/May/2020:10:31:30 +0800] "POST /temperature/monitordayFt?devid=3 HTTP/1.1" 200 409
0:0:0:0:0:0:0:1 - - [26/May/2020:10:32:58 +0800] "POST /temperature/monitordayFt?devid=3 HTTP/1.1" 200 409
0:0:0:0:0:0:0:1 - - [26/May/2020:10:32:59 +0800] "POST /temperature/monitordayFt?devid=3 HTTP/1.1" 200 409
0:0:0:0:0:0:0:1 - - [26/May/2020:10:32:59 +0800] "POST /temperature/monitordayFt?devid=3 HTTP/1.1" 200 409
0:0:0:0:0:0:0:1 - - [26/May/2020:10:33:00 +0800] "POST /temperature/monitordayFt?devid=3 HTTP/1.1" 200 409
0:0:0:0:0:0:0:1 - - [26/May/2020:10:33:00 +0800] "POST /temperature/monitordayFt?devid=3 HTTP/1.1" 200 463
0:0:0:0:0:0:0:1 - - [26/May/2020:10:42:29 +0800] "POST /temperature/monitordayFt?devid=3 HTTP/1.1" 200 463
0:0:0:0:0:0:0:1 - - [26/May/2020:10:42:31 +0800] "POST /temperature/monitordayFt?devid=3 HTTP/1.1" 200 468
0:0:0:0:0:0:0:1 - - [26/May/2020:10:42:32 +0800] "POST /temperature/monitordayFt?devid=3 HTTP/1.1" 200 468
0:0:0:0:0:0:0:1 - - [26/May/2020:10:45:11 +0800] "POST /temperature/monitordayFt?devid=3 HTTP/1.1" 200 468
0:0:0:0:0:0:0:1 - - [26/May/2020:11:12:04 +0800] "POST /alarm/aavm HTTP/1.1" 405 166
0:0:0:0:0:0:0:1 - - [26/May/2020:11:12:11 +0800] "GET /alarm/aavm HTTP/1.1" 200 11
0:0:0:0:0:0:0:1 - - [26/May/2020:11:31:52 +0800] "GET /gas/dayCo?devid=7 HTTP/1.1" 500 153
0:0:0:0:0:0:0:1 - - [26/May/2020:11:41:42 +0800] "GET /gas/dayCo?devid=7 HTTP/1.1" 500 153
0:0:0:0:0:0:0:1 - - [26/May/2020:11:41:57 +0800] "GET /gas/dayCo?devid=7 HTTP/1.1" 200 469
0:0:0:0:0:0:0:1 - - [26/May/2020:11:46:21 +0800] "GET /gas/dayCo?devid=7 HTTP/1.1" 200 469
0:0:0:0:0:0:0:1 - - [26/May/2020:11:48:22 +0800] "GET /gas/dayCo?devid=7 HTTP/1.1" 200 469
0:0:0:0:0:0:0:1 - - [26/May/2020:11:50:35 +0800] "GET /gas/dayCo?devid=7 HTTP/1.1" 200 469
0:0:0:0:0:0:0:1 - - [26/May/2020:14:30:00 +0800] "GET /gas/dayCh4?devid=107 HTTP/1.1" 200 467
0:0:0:0:0:0:0:1 - - [26/May/2020:14:30:20 +0800] "GET /gas/dayCh4?devid=107 HTTP/1.1" 200 467
0:0:0:0:0:0:0:1 - - [26/May/2020:15:48:10 +0800] "GET /gas/dayCh4?devid=2 HTTP/1.1" 500 163
0:0:0:0:0:0:0:1 - - [26/May/2020:15:49:31 +0800] "GET /gas/dayCh4?devid=2 HTTP/1.1" 200 461
0:0:0:0:0:0:0:1 - - [26/May/2020:15:52:16 +0800] "GET /gas/dayCh4?devid=2 HTTP/1.1" 200 470
0:0:0:0:0:0:0:1 - - [26/May/2020:16:52:49 +0800] "GET /gas/dayCo?devid=7 HTTP/1.1" 200 476
