0:0:0:0:0:0:0:1 - - [01/Jun/2020:11:32:37 +0800] "POST /jwt/login?username=yx&password=222 HTTP/1.1" 200 802
0:0:0:0:0:0:0:1 - - [01/Jun/2020:11:35:43 +0800] "POST /temperature/monitordayFt?devid=3 HTTP/1.1" 200 468
0:0:0:0:0:0:0:1 - - [01/Jun/2020:11:55:47 +0800] "POST /temperature/monitordayFt?devid=118 HTTP/1.1" 200 467
0:0:0:0:0:0:0:1 - - [01/Jun/2020:12:01:45 +0800] "POST /temperature/monitordayFt?devid=118 HTTP/1.1" 200 467
0:0:0:0:0:0:0:1 - - [01/Jun/2020:12:03:11 +0800] "POST /temperature/monitordayFt?devid=118&date=2019-5-27 HTTP/1.1" 200 467
0:0:0:0:0:0:0:1 - - [01/Jun/2020:12:03:29 +0800] "POST /temperature/monitordayFt?devid=118&date=2019-5-27 HTTP/1.1" 200 467
0:0:0:0:0:0:0:1 - - [01/Jun/2020:13:56:30 +0800] "POST /temperature/monitordayFt?devid=118&date=2019-5-27 HTTP/1.1" 200 467
0:0:0:0:0:0:0:1 - - [01/Jun/2020:13:59:28 +0800] "POST /temperature/monitordayFt?devid=118&date=2020-5-27 HTTP/1.1" 200 482
0:0:0:0:0:0:0:1 - - [01/Jun/2020:14:00:09 +0800] "POST /temperature/monitordayFt?devid=118&date=2020-5-26 HTTP/1.1" 200 470
0:0:0:0:0:0:0:1 - - [01/Jun/2020:14:00:16 +0800] "POST /temperature/monitordayFt?devid=118&date=2020-5-27 HTTP/1.1" 200 482
0:0:0:0:0:0:0:1 - - [01/Jun/2020:14:00:34 +0800] "POST /gas/dayCh4?devid=7 HTTP/1.1" 200 467
0:0:0:0:0:0:0:1 - - [01/Jun/2020:14:01:19 +0800] "POST /gas/dayCh4?devid=150 HTTP/1.1" 200 467
0:0:0:0:0:0:0:1 - - [01/Jun/2020:14:01:46 +0800] "POST /gas/dayCh4?devid=150&date=2020-05-23 HTTP/1.1" 200 467
0:0:0:0:0:0:0:1 - - [01/Jun/2020:14:01:50 +0800] "POST /gas/dayCh4?devid=150&date=2020-05-23 HTTP/1.1" 200 467
0:0:0:0:0:0:0:1 - - [01/Jun/2020:14:01:51 +0800] "POST /gas/dayCh4?devid=150&date=2020-05-23 HTTP/1.1" 200 467
0:0:0:0:0:0:0:1 - - [01/Jun/2020:14:02:09 +0800] "POST /gas/dayCh4?devid=144&date=2020-05-23 HTTP/1.1" 200 467
0:0:0:0:0:0:0:1 - - [01/Jun/2020:14:03:22 +0800] "POST /gas/dayCh4?devid=144&date=2020-05-23 HTTP/1.1" 200 467
0:0:0:0:0:0:0:1 - - [01/Jun/2020:14:03:38 +0800] "POST /gas/dayCh4?devid=144&date=2020-05-23 HTTP/1.1" 200 467
0:0:0:0:0:0:0:1 - - [01/Jun/2020:14:06:46 +0800] "POST /gas/dayCh4?devid=144&date=2020-05-23 HTTP/1.1" 200 467
0:0:0:0:0:0:0:1 - - [01/Jun/2020:14:08:32 +0800] "POST /dev/realtimedata HTTP/1.1" 200 5703
0:0:0:0:0:0:0:1 - - [01/Jun/2020:14:14:19 +0800] "POST /dev/realtimedata HTTP/1.1" 200 5703
0:0:0:0:0:0:0:1 - - [01/Jun/2020:14:14:21 +0800] "POST /dev/realtimedata HTTP/1.1" 200 5703
0:0:0:0:0:0:0:1 - - [01/Jun/2020:14:17:08 +0800] "POST /dev/realtimedata HTTP/1.1" 500 141
0:0:0:0:0:0:0:1 - - [01/Jun/2020:14:17:35 +0800] "POST /dev/realtimedata HTTP/1.1" 500 141
0:0:0:0:0:0:0:1 - - [01/Jun/2020:14:17:36 +0800] "POST /dev/realtimedata HTTP/1.1" 500 141
0:0:0:0:0:0:0:1 - - [01/Jun/2020:14:17:36 +0800] "POST /dev/realtimedata HTTP/1.1" 500 141
0:0:0:0:0:0:0:1 - - [01/Jun/2020:14:19:59 +0800] "POST /dev/realtimedata HTTP/1.1" 500 141
0:0:0:0:0:0:0:1 - - [01/Jun/2020:14:21:01 +0800] "POST /dev/realtimedata HTTP/1.1" 200 5685
0:0:0:0:0:0:0:1 - - [01/Jun/2020:14:22:19 +0800] "POST /dev/realtimedata HTTP/1.1" 200 5653
0:0:0:0:0:0:0:1 - - [01/Jun/2020:14:22:38 +0800] "POST /dev/realtimedata HTTP/1.1" 200 5653
0:0:0:0:0:0:0:1 - - [01/Jun/2020:14:22:41 +0800] "POST /dev/realtimedata HTTP/1.1" 200 5653
0:0:0:0:0:0:0:1 - - [01/Jun/2020:14:22:42 +0800] "POST /dev/realtimedata HTTP/1.1" 200 5653
0:0:0:0:0:0:0:1 - - [01/Jun/2020:14:22:46 +0800] "POST /dev/realtimedata HTTP/1.1" 200 5653
0:0:0:0:0:0:0:1 - - [01/Jun/2020:14:24:03 +0800] "POST /dev/realtimedata HTTP/1.1" 200 5653
0:0:0:0:0:0:0:1 - - [01/Jun/2020:14:25:13 +0800] "POST /dev/realtimedata HTTP/1.1" 200 5617
0:0:0:0:0:0:0:1 - - [01/Jun/2020:14:57:21 +0800] "POST /dust/monitordayDust?devid=104 HTTP/1.1" 200 466
0:0:0:0:0:0:0:1 - - [01/Jun/2020:14:58:37 +0800] "POST /dust/monitordayDust?devid=1 HTTP/1.1" 200 466
0:0:0:0:0:0:0:1 - - [01/Jun/2020:14:59:09 +0800] "POST /dust/monitordayDust?devid=1&date=2020-05-26 HTTP/1.1" 200 466
0:0:0:0:0:0:0:1 - - [01/Jun/2020:15:00:42 +0800] "POST /dust/monitordayDust?devid=1&date=2020-05-26 HTTP/1.1" 200 466
0:0:0:0:0:0:0:1 - - [01/Jun/2020:15:03:34 +0800] "POST /dust/monitordayDust?devid=1&date=2020-05-26 HTTP/1.1" 200 466
0:0:0:0:0:0:0:1 - - [01/Jun/2020:15:08:19 +0800] "POST /pressureflow/daypress?devid=136 HTTP/1.1" 404 153
0:0:0:0:0:0:0:1 - - [01/Jun/2020:15:08:49 +0800] "POST /pressureflow/daypress?devid=136 HTTP/1.1" 404 153
0:0:0:0:0:0:0:1 - - [01/Jun/2020:15:09:14 +0800] "POST /pressureflow/dayPress?devid=136 HTTP/1.1" 200 486
0:0:0:0:0:0:0:1 - - [01/Jun/2020:15:26:47 +0800] "POST /pressureflow/dayPress?devid=136&date=2020-05-27 HTTP/1.1" 200 474
0:0:0:0:0:0:0:1 - - [01/Jun/2020:15:27:05 +0800] "POST /pressureflow/dayPress?devid=136&date=2020-05-28 HTTP/1.1" 200 486
0:0:0:0:0:0:0:1 - - [01/Jun/2020:16:31:47 +0800] "POST /fan/updatefan?id=110&is_auto=1&status=1 HTTP/1.1" 500 1152
0:0:0:0:0:0:0:1 - - [01/Jun/2020:18:53:12 +0800] "POST /dev/realtimedata HTTP/1.1" 404 148
0:0:0:0:0:0:0:1 - - [01/Jun/2020:18:54:05 +0800] "GET /alarm/vm HTTP/1.1" 404 140
0:0:0:0:0:0:0:1 - - [01/Jun/2020:18:54:08 +0800] "GET /alarm/vm HTTP/1.1" 404 140
0:0:0:0:0:0:0:1 - - [01/Jun/2020:18:54:16 +0800] "GET /alarm/atm HTTP/1.1" 200 340
0:0:0:0:0:0:0:1 - - [01/Jun/2020:18:55:39 +0800] "GET /alarm/va HTTP/1.1" 200 2
0:0:0:0:0:0:0:1 - - [01/Jun/2020:18:55:45 +0800] "GET /alarm/apm HTTP/1.1" 200 2
0:0:0:0:0:0:0:1 - - [01/Jun/2020:18:55:53 +0800] "GET /dev/realtimedata HTTP/1.1" 404 148
0:0:0:0:0:0:0:1 - - [01/Jun/2020:19:02:34 +0800] "GET /dev/realtimedata HTTP/1.1" 200 5703
0:0:0:0:0:0:0:1 - - [01/Jun/2020:19:03:52 +0800] "GET /dev/realtimedata HTTP/1.1" 200 5671
0:0:0:0:0:0:0:1 - - [01/Jun/2020:19:04:31 +0800] "GET /dev/realtimedata HTTP/1.1" 200 5617
