0:0:0:0:0:0:0:1 - - [25/May/2020:08:28:59 +0800] "POST /jwt/login?username=yx&password=222 HTTP/1.1" 200 802
0:0:0:0:0:0:0:1 - - [25/May/2020:08:29:22 +0800] "POST /dust/dustList HTTP/1.1" 500 216
0:0:0:0:0:0:0:1 - - [25/May/2020:08:29:29 +0800] "POST /dust/dustList HTTP/1.1" 200 2044
0:0:0:0:0:0:0:1 - - [25/May/2020:08:29:40 +0800] "POST /dust/dustList?status=1 HTTP/1.1" 200 2044
0:0:0:0:0:0:0:1 - - [25/May/2020:08:30:01 +0800] "POST /dust/dustList?online=1 HTTP/1.1" 200 476
0:0:0:0:0:0:0:1 - - [25/May/2020:08:34:20 +0800] "POST /dust/dustList?online=1 HTTP/1.1" 200 476
0:0:0:0:0:0:0:1 - - [25/May/2020:08:34:38 +0800] "POST /dust/dustList?online=1 HTTP/1.1" 200 476
0:0:0:0:0:0:0:1 - - [25/May/2020:08:34:39 +0800] "POST /dust/dustList?online=1 HTTP/1.1" 200 476
0:0:0:0:0:0:0:1 - - [25/May/2020:08:34:40 +0800] "POST /dust/dustList?online=1 HTTP/1.1" 200 476
0:0:0:0:0:0:0:1 - - [25/May/2020:08:34:40 +0800] "POST /dust/dustList?online=1 HTTP/1.1" 200 476
0:0:0:0:0:0:0:1 - - [25/May/2020:08:34:41 +0800] "POST /dust/dustList?online=1 HTTP/1.1" 200 476
0:0:0:0:0:0:0:1 - - [25/May/2020:08:34:41 +0800] "POST /dust/dustList?online=1 HTTP/1.1" 200 476
0:0:0:0:0:0:0:1 - - [25/May/2020:08:34:42 +0800] "POST /dust/dustList?online=1 HTTP/1.1" 200 476
0:0:0:0:0:0:0:1 - - [25/May/2020:08:34:42 +0800] "POST /dust/dustList?online=1 HTTP/1.1" 200 476
0:0:0:0:0:0:0:1 - - [25/May/2020:08:34:43 +0800] "POST /dust/dustList?online=1 HTTP/1.1" 200 476
0:0:0:0:0:0:0:1 - - [25/May/2020:08:34:44 +0800] "POST /dust/dustList?online=1 HTTP/1.1" 200 476
0:0:0:0:0:0:0:1 - - [25/May/2020:08:34:44 +0800] "POST /dust/dustList?online=1 HTTP/1.1" 200 476
0:0:0:0:0:0:0:1 - - [25/May/2020:08:34:46 +0800] "POST /dust/dustList?online=1 HTTP/1.1" 200 476
0:0:0:0:0:0:0:1 - - [25/May/2020:08:34:47 +0800] "POST /dust/dustList?online=1 HTTP/1.1" 200 476
0:0:0:0:0:0:0:1 - - [25/May/2020:08:34:48 +0800] "POST /dust/dustList?online=1 HTTP/1.1" 200 476
0:0:0:0:0:0:0:1 - - [25/May/2020:08:34:49 +0800] "POST /dust/dustList?online=1 HTTP/1.1" 200 476
0:0:0:0:0:0:0:1 - - [25/May/2020:08:34:59 +0800] "POST /dust/dustList?online=1 HTTP/1.1" 200 476
0:0:0:0:0:0:0:1 - - [25/May/2020:08:40:33 +0800] "POST /dev/realtimedata HTTP/1.1" 200 1601
0:0:0:0:0:0:0:1 - - [25/May/2020:08:43:41 +0800] "POST /dev/alldevdata HTTP/1.1" 200 302
127.0.0.1 - - [25/May/2020:08:46:11 +0800] "POST /dev/alldevdata HTTP/1.1" 200 299
0:0:0:0:0:0:0:1 - - [25/May/2020:08:48:21 +0800] "POST /dev/alldevdata HTTP/1.1" 200 299
0:0:0:0:0:0:0:1 - - [25/May/2020:08:48:23 +0800] "POST /dev/alldevdata HTTP/1.1" 200 299
0:0:0:0:0:0:0:1 - - [25/May/2020:08:48:30 +0800] "POST /dev/alldevdata HTTP/1.1" 200 299
0:0:0:0:0:0:0:1 - - [25/May/2020:08:56:34 +0800] "POST /dust/monitordayDust HTTP/1.1" 500 147
0:0:0:0:0:0:0:1 - - [25/May/2020:08:57:03 +0800] "POST /dust/monitordayDust?devid=104 HTTP/1.1" 200 467
0:0:0:0:0:0:0:1 - - [25/May/2020:08:57:48 +0800] "POST /dust/monitordayDust?devid=104 HTTP/1.1" 200 467
0:0:0:0:0:0:0:1 - - [25/May/2020:08:57:53 +0800] "POST /dust/monitordayDust?devid=104 HTTP/1.1" 200 467
0:0:0:0:0:0:0:1 - - [25/May/2020:08:58:16 +0800] "POST /dust/monitordayDust?devid=104 HTTP/1.1" 500 172
0:0:0:0:0:0:0:1 - - [25/May/2020:08:58:18 +0800] "POST /dust/monitordayDust?devid=104 HTTP/1.1" 500 172
0:0:0:0:0:0:0:1 - - [25/May/2020:08:58:18 +0800] "POST /dust/monitordayDust?devid=104 HTTP/1.1" 500 172
0:0:0:0:0:0:0:1 - - [25/May/2020:08:58:19 +0800] "POST /dust/monitordayDust?devid=104 HTTP/1.1" 500 172
0:0:0:0:0:0:0:1 - - [25/May/2020:08:58:19 +0800] "POST /dust/monitordayDust?devid=104 HTTP/1.1" 500 172
0:0:0:0:0:0:0:1 - - [25/May/2020:08:58:20 +0800] "POST /dust/monitordayDust?devid=104 HTTP/1.1" 500 172
0:0:0:0:0:0:0:1 - - [25/May/2020:08:58:20 +0800] "POST /dust/monitordayDust?devid=104 HTTP/1.1" 500 172
0:0:0:0:0:0:0:1 - - [25/May/2020:08:58:21 +0800] "POST /dust/monitordayDust?devid=104 HTTP/1.1" 500 172
0:0:0:0:0:0:0:1 - - [25/May/2020:08:58:35 +0800] "POST /dust/monitordayDust?devid=104 HTTP/1.1" 500 172
0:0:0:0:0:0:0:1 - - [25/May/2020:08:58:36 +0800] "POST /dust/monitordayDust?devid=104 HTTP/1.1" 500 172
0:0:0:0:0:0:0:1 - - [25/May/2020:08:58:36 +0800] "POST /dust/monitordayDust?devid=104 HTTP/1.1" 500 172
0:0:0:0:0:0:0:1 - - [25/May/2020:08:58:37 +0800] "POST /dust/monitordayDust?devid=104 HTTP/1.1" 500 172
0:0:0:0:0:0:0:1 - - [25/May/2020:10:16:52 +0800] "POST /dust/newDust?devid=104 HTTP/1.1" 200 138
0:0:0:0:0:0:0:1 - - [25/May/2020:10:24:30 +0800] "POST /dust/newDust?devid=104 HTTP/1.1" 500 194
0:0:0:0:0:0:0:1 - - [25/May/2020:10:24:32 +0800] "POST /dust/newDust?devid=104 HTTP/1.1" 200 122
0:0:0:0:0:0:0:1 - - [25/May/2020:10:24:34 +0800] "POST /dust/newDust?devid=104 HTTP/1.1" 200 122
0:0:0:0:0:0:0:1 - - [25/May/2020:10:28:13 +0800] "POST /dust/newDust?devid=104 HTTP/1.1" 200 122
0:0:0:0:0:0:0:1 - - [25/May/2020:10:49:42 +0800] "POST /dust/newDust?devid=104 HTTP/1.1" 200 122
0:0:0:0:0:0:0:1 - - [25/May/2020:10:54:26 +0800] "POST /dust/newDust?devid=104 HTTP/1.1" 200 122
0:0:0:0:0:0:0:1 - - [25/May/2020:10:54:29 +0800] "POST /dust/newDust?devid=104 HTTP/1.1" 200 114
0:0:0:0:0:0:0:1 - - [25/May/2020:10:56:31 +0800] "POST /dust/monitordayDust?devid=104 HTTP/1.1" 500 172
0:0:0:0:0:0:0:1 - - [25/May/2020:10:58:12 +0800] "POST /dust/monitordayDust?devid=104 HTTP/1.1" 500 172
0:0:0:0:0:0:0:1 - - [25/May/2020:10:58:26 +0800] "POST /dust/monitordayDust?devid=104 HTTP/1.1" 500 172
0:0:0:0:0:0:0:1 - - [25/May/2020:11:00:38 +0800] "POST /dust/monitordayDust?devid=104 HTTP/1.1" 500 172
0:0:0:0:0:0:0:1 - - [25/May/2020:11:00:40 +0800] "POST /dust/monitordayDust?devid=104 HTTP/1.1" 500 172
0:0:0:0:0:0:0:1 - - [25/May/2020:11:00:41 +0800] "POST /dust/monitordayDust?devid=104 HTTP/1.1" 500 172
0:0:0:0:0:0:0:1 - - [25/May/2020:11:01:17 +0800] "POST /dust/monitordayDust?devid=104 HTTP/1.1" 500 172
0:0:0:0:0:0:0:1 - - [25/May/2020:11:01:18 +0800] "POST /dust/monitordayDust?devid=104 HTTP/1.1" 500 172
0:0:0:0:0:0:0:1 - - [25/May/2020:11:01:18 +0800] "POST /dust/monitordayDust?devid=104 HTTP/1.1" 500 172
0:0:0:0:0:0:0:1 - - [25/May/2020:11:11:01 +0800] "POST /dust/monitordayDust?devid=104 HTTP/1.1" 500 172
0:0:0:0:0:0:0:1 - - [25/May/2020:11:13:50 +0800] "POST /dust/monitordayDust?devid=104 HTTP/1.1" 500 172
127.0.0.1 - - [25/May/2020:11:13:59 +0800] "POST /dust/monitordayDust?devid=104 HTTP/1.1" 500 172
0:0:0:0:0:0:0:1 - - [25/May/2020:11:14:00 +0800] "POST /dust/monitordayDust?devid=104 HTTP/1.1" 500 172
0:0:0:0:0:0:0:1 - - [25/May/2020:11:14:02 +0800] "POST /dust/monitordayDust?devid=104 HTTP/1.1" 500 172
0:0:0:0:0:0:0:1 - - [25/May/2020:11:14:02 +0800] "POST /dust/monitordayDust?devid=104 HTTP/1.1" 500 172
0:0:0:0:0:0:0:1 - - [25/May/2020:11:14:03 +0800] "POST /dust/monitordayDust?devid=104 HTTP/1.1" 500 172
0:0:0:0:0:0:0:1 - - [25/May/2020:11:14:03 +0800] "POST /dust/monitordayDust?devid=104 HTTP/1.1" 500 172
0:0:0:0:0:0:0:1 - - [25/May/2020:11:14:04 +0800] "POST /dust/monitordayDust?devid=104 HTTP/1.1" 500 172
0:0:0:0:0:0:0:1 - - [25/May/2020:11:14:04 +0800] "POST /dust/monitordayDust?devid=104 HTTP/1.1" 500 172
0:0:0:0:0:0:0:1 - - [25/May/2020:11:14:28 +0800] "POST /dust/monitordayDust?devid=104 HTTP/1.1" 500 172
0:0:0:0:0:0:0:1 - - [25/May/2020:11:14:29 +0800] "POST /dust/monitordayDust?devid=104 HTTP/1.1" 500 172
0:0:0:0:0:0:0:1 - - [25/May/2020:11:16:01 +0800] "POST /dust/monitordayDust?devid=104 HTTP/1.1" 500 172
0:0:0:0:0:0:0:1 - - [25/May/2020:11:17:25 +0800] "POST /dust/monitordayDust?devid=104 HTTP/1.1" 500 172
