0:0:0:0:0:0:0:1 - - [18/May/2020:15:52:19 +0800] "POST /monitor/devlist HTTP/1.1" 200 5238
0:0:0:0:0:0:0:1 - - [18/May/2020:15:54:26 +0800] "POST /monitor/devlist HTTP/1.1" 200 5600
0:0:0:0:0:0:0:1 - - [18/May/2020:15:55:33 +0800] "POST /monitor/devlist HTTP/1.1" 200 5600
0:0:0:0:0:0:0:1 - - [18/May/2020:15:56:59 +0800] "POST /monitor/devlist?type=2 HTTP/1.1" 200 799
0:0:0:0:0:0:0:1 - - [18/May/2020:15:57:06 +0800] "POST /monitor/devlist?type=2 HTTP/1.1" 200 799
0:0:0:0:0:0:0:1 - - [18/May/2020:15:57:11 +0800] "POST /monitor/devlist HTTP/1.1" 200 5600
0:0:0:0:0:0:0:1 - - [18/May/2020:15:57:25 +0800] "POST /monitor/devlist?type=4 HTTP/1.1" 200 795
0:0:0:0:0:0:0:1 - - [18/May/2020:15:58:50 +0800] "POST /monitor/devlist?type=4 HTTP/1.1" 500 159
0:0:0:0:0:0:0:1 - - [18/May/2020:15:58:53 +0800] "POST /monitor/devlist?type=4 HTTP/1.1" 500 159
0:0:0:0:0:0:0:1 - - [18/May/2020:16:03:08 +0800] "POST /monitor/devlist?type=4 HTTP/1.1" 500 159
0:0:0:0:0:0:0:1 - - [18/May/2020:16:05:34 +0800] "POST /monitor/devlist?type=4 HTTP/1.1" 200 813
0:0:0:0:0:0:0:1 - - [18/May/2020:16:05:43 +0800] "POST /monitor/devlist?type=2 HTTP/1.1" 200 799
0:0:0:0:0:0:0:1 - - [18/May/2020:16:05:53 +0800] "POST /monitor/devlist?type=4 HTTP/1.1" 200 813
0:0:0:0:0:0:0:1 - - [18/May/2020:16:05:58 +0800] "POST /monitor/devlist?type=5 HTTP/1.1" 200 789
0:0:0:0:0:0:0:1 - - [18/May/2020:16:06:05 +0800] "POST /monitor/devlist?type=6 HTTP/1.1" 200 796
0:0:0:0:0:0:0:1 - - [18/May/2020:16:06:10 +0800] "POST /monitor/devlist?type=7 HTTP/1.1" 200 567
0:0:0:0:0:0:0:1 - - [18/May/2020:16:09:16 +0800] "POST /monitor/devlist?type=7 HTTP/1.1" 200 567
0:0:0:0:0:0:0:1 - - [18/May/2020:16:19:57 +0800] "POST /monitor/devlist?type=7 HTTP/1.1" 200 567
0:0:0:0:0:0:0:1 - - [18/May/2020:16:19:59 +0800] "POST /monitor/devlist?type=7 HTTP/1.1" 200 567
0:0:0:0:0:0:0:1 - - [18/May/2020:16:20:01 +0800] "POST /monitor/devlist?type=7 HTTP/1.1" 200 567
0:0:0:0:0:0:0:1 - - [18/May/2020:16:38:42 +0800] "POST /monitor/devlist?type=7 HTTP/1.1" 200 567
0:0:0:0:0:0:0:1 - - [18/May/2020:16:48:55 +0800] "POST /monitor/devlist?type=7 HTTP/1.1" 200 567
0:0:0:0:0:0:0:1 - - [18/May/2020:16:51:13 +0800] "POST /monitor/devlist?type=7 HTTP/1.1" 200 567
0:0:0:0:0:0:0:1 - - [18/May/2020:16:51:48 +0800] "POST /monitor/devlist?type=7 HTTP/1.1" 200 567
0:0:0:0:0:0:0:1 - - [18/May/2020:16:54:19 +0800] "POST /monitor/devlist?type=7 HTTP/1.1" 200 567
0:0:0:0:0:0:0:1 - - [18/May/2020:17:01:33 +0800] "POST /monitor/devlist?type=7 HTTP/1.1" 200 567
0:0:0:0:0:0:0:1 - - [18/May/2020:17:05:07 +0800] "POST /monitor/devlist?type=7 HTTP/1.1" 200 567
0:0:0:0:0:0:0:1 - - [18/May/2020:17:05:47 +0800] "POST /monitor/devlist?type=7 HTTP/1.1" 200 597
0:0:0:0:0:0:0:1 - - [18/May/2020:17:09:10 +0800] "POST /monitor/devlist?type=7 HTTP/1.1" 200 597
0:0:0:0:0:0:0:1 - - [18/May/2020:17:09:22 +0800] "POST /monitor/devlist?type=7 HTTP/1.1" 200 585
0:0:0:0:0:0:0:1 - - [18/May/2020:17:09:33 +0800] "POST /monitor/devlist?type=7 HTTP/1.1" 200 585
0:0:0:0:0:0:0:1 - - [18/May/2020:17:09:37 +0800] "POST /monitor/devlist?type=2 HTTP/1.1" 200 817
0:0:0:0:0:0:0:1 - - [18/May/2020:17:09:42 +0800] "POST /monitor/devlist?type=4 HTTP/1.1" 200 813
0:0:0:0:0:0:0:1 - - [18/May/2020:17:09:49 +0800] "POST /monitor/devlist?type=5 HTTP/1.1" 200 789
0:0:0:0:0:0:0:1 - - [18/May/2020:17:09:56 +0800] "POST /monitor/devlist?type=6 HTTP/1.1" 200 796
0:0:0:0:0:0:0:1 - - [18/May/2020:17:10:02 +0800] "POST /monitor/devlist?type=7 HTTP/1.1" 200 585
0:0:0:0:0:0:0:1 - - [18/May/2020:17:10:07 +0800] "POST /monitor/devlist?type=8 HTTP/1.1" 200 568
0:0:0:0:0:0:0:1 - - [18/May/2020:17:10:12 +0800] "POST /monitor/devlist?type=8 HTTP/1.1" 200 568
0:0:0:0:0:0:0:1 - - [18/May/2020:17:11:54 +0800] "POST /monitor/devlist?type=8 HTTP/1.1" 200 568
127.0.0.1 - - [18/May/2020:17:20:40 +0800] "POST /monitor/devlist?type=8 HTTP/1.1" 200 568
0:0:0:0:0:0:0:1 - - [18/May/2020:17:21:37 +0800] "POST /monitor/devlist?type=8 HTTP/1.1" 200 589
0:0:0:0:0:0:0:1 - - [18/May/2020:17:22:38 +0800] "POST /monitor/devlist?status=1 HTTP/1.1" 200 4795
0:0:0:0:0:0:0:1 - - [18/May/2020:17:24:53 +0800] "POST /monitor/devlist?status=1 HTTP/1.1" 200 4795
0:0:0:0:0:0:0:1 - - [18/May/2020:17:25:05 +0800] "POST /monitor/devlist?status=2 HTTP/1.1" 200 4795
0:0:0:0:0:0:0:1 - - [18/May/2020:17:27:36 +0800] "POST /monitor/devlist?status=2 HTTP/1.1" 200 2
0:0:0:0:0:0:0:1 - - [18/May/2020:17:27:39 +0800] "POST /monitor/devlist?status=2 HTTP/1.1" 200 2
127.0.0.1 - - [18/May/2020:17:28:44 +0800] "POST /monitor/devlist?status=2 HTTP/1.1" 200 2
0:0:0:0:0:0:0:1 - - [18/May/2020:17:30:04 +0800] "POST /monitor/devlist?status=2 HTTP/1.1" 200 2
0:0:0:0:0:0:0:1 - - [18/May/2020:17:59:17 +0800] "POST /monitor/devlist?status=2 HTTP/1.1" 200 2
0:0:0:0:0:0:0:1 - - [18/May/2020:18:00:23 +0800] "POST /monitor/devlist HTTP/1.1" 200 5657
0:0:0:0:0:0:0:1 - - [18/May/2020:18:01:34 +0800] "POST /monitor/devlist?status=2 HTTP/1.1" 200 2
0:0:0:0:0:0:0:1 - - [18/May/2020:18:02:48 +0800] "POST /monitor/devlist?status=2 HTTP/1.1" 200 2
0:0:0:0:0:0:0:1 - - [18/May/2020:18:03:46 +0800] "POST /monitor/devlist HTTP/1.1" 200 5657
0:0:0:0:0:0:0:1 - - [18/May/2020:18:13:00 +0800] "POST /monitor/devlist?status=2 HTTP/1.1" 200 2
0:0:0:0:0:0:0:1 - - [18/May/2020:18:14:46 +0800] "POST /monitor/devlist?status=2 HTTP/1.1" 200 2
0:0:0:0:0:0:0:1 - - [18/May/2020:18:17:04 +0800] "POST /monitor/devlist?status=2 HTTP/1.1" 200 2
0:0:0:0:0:0:0:1 - - [18/May/2020:18:19:05 +0800] "POST /monitor/devlist?status=2 HTTP/1.1" 200 2
0:0:0:0:0:0:0:1 - - [18/May/2020:18:19:20 +0800] "POST /monitor/devlist?status=2 HTTP/1.1" 200 2
