0:0:0:0:0:0:0:1 - - [19/May/2020:09:03:15 +0800] "POST /monitor/devlist?status=2 HTTP/1.1" 200 5657
0:0:0:0:0:0:0:1 - - [19/May/2020:09:06:59 +0800] "POST /monitor/devlist?status=2 HTTP/1.1" 200 5657
0:0:0:0:0:0:0:1 - - [19/May/2020:09:09:23 +0800] "POST /monitor/devlist?status=2 HTTP/1.1" 200 5657
0:0:0:0:0:0:0:1 - - [19/May/2020:09:23:12 +0800] "POST /monitor/devlist?status=2 HTTP/1.1" 200 5657
0:0:0:0:0:0:0:1 - - [19/May/2020:09:24:17 +0800] "POST /monitor/devlist?status=2 HTTP/1.1" 200 5657
0:0:0:0:0:0:0:1 - - [19/May/2020:09:24:58 +0800] "POST /monitor/devlist?status=2 HTTP/1.1" 200 5657
0:0:0:0:0:0:0:1 - - [19/May/2020:09:25:50 +0800] "POST /monitor/devlist?status=2 HTTP/1.1" 200 5657
127.0.0.1 - - [19/May/2020:09:26:55 +0800] "POST /monitor/devlist?status=2 HTTP/1.1" 200 5657
0:0:0:0:0:0:0:1 - - [19/May/2020:09:28:27 +0800] "POST /monitor/devlist?status=2 HTTP/1.1" 200 5657
127.0.0.1 - - [19/May/2020:09:29:21 +0800] "POST /monitor/devlist?status=2 HTTP/1.1" 200 336
0:0:0:0:0:0:0:1 - - [19/May/2020:09:29:32 +0800] "POST /monitor/devlist?status=2 HTTP/1.1" 200 336
0:0:0:0:0:0:0:1 - - [19/May/2020:09:31:44 +0800] "POST /monitor/devlist?status=2 HTTP/1.1" 200 336
127.0.0.1 - - [19/May/2020:09:31:53 +0800] "POST /monitor/devlist?status=1 HTTP/1.1" 200 2
127.0.0.1 - - [19/May/2020:09:31:55 +0800] "POST /monitor/devlist?status=1 HTTP/1.1" 200 2
0:0:0:0:0:0:0:1 - - [19/May/2020:09:33:42 +0800] "POST /monitor/devlist?status=1 HTTP/1.1" 200 2
0:0:0:0:0:0:0:1 - - [19/May/2020:09:34:06 +0800] "POST /monitor/devlist?status=1 HTTP/1.1" 200 2
127.0.0.1 - - [19/May/2020:09:34:40 +0800] "POST /monitor/devlist?status=1 HTTP/1.1" 200 2
127.0.0.1 - - [19/May/2020:09:42:43 +0800] "POST /monitor/devlist?status=1 HTTP/1.1" 200 5025
127.0.0.1 - - [19/May/2020:09:42:51 +0800] "POST /monitor/devlist?status=0 HTTP/1.1" 200 5025
127.0.0.1 - - [19/May/2020:09:42:54 +0800] "POST /monitor/devlist?status=0 HTTP/1.1" 200 5025
127.0.0.1 - - [19/May/2020:09:43:39 +0800] "POST /monitor/devlist?status=0 HTTP/1.1" 200 5025
127.0.0.1 - - [19/May/2020:09:44:01 +0800] "POST /monitor/devlist?status=0 HTTP/1.1" 200 5025
127.0.0.1 - - [19/May/2020:09:44:09 +0800] "POST /monitor/devlist?status=2 HTTP/1.1" 200 336
127.0.0.1 - - [19/May/2020:09:44:14 +0800] "POST /monitor/devlist?status=3 HTTP/1.1" 200 5657
127.0.0.1 - - [19/May/2020:09:44:18 +0800] "POST /monitor/devlist?status=3 HTTP/1.1" 200 5657
127.0.0.1 - - [19/May/2020:09:44:23 +0800] "POST /monitor/devlist?status=4 HTTP/1.1" 200 5657
0:0:0:0:0:0:0:1 - - [19/May/2020:09:45:35 +0800] "POST /monitor/devlist?status=0 HTTP/1.1" 200 2
0:0:0:0:0:0:0:1 - - [19/May/2020:09:46:00 +0800] "POST /monitor/devlist?status=0 HTTP/1.1" 200 2
0:0:0:0:0:0:0:1 - - [19/May/2020:09:47:43 +0800] "POST /monitor/devlist?status=0 HTTP/1.1" 200 2
0:0:0:0:0:0:0:1 - - [19/May/2020:09:59:48 +0800] "POST /monitor/devlist?status=0 HTTP/1.1" 200 2
0:0:0:0:0:0:0:1 - - [19/May/2020:10:00:20 +0800] "POST /monitor/devlist?status=0 HTTP/1.1" 200 2
0:0:0:0:0:0:0:1 - - [19/May/2020:10:04:43 +0800] "POST /monitor/devlist?status=0 HTTP/1.1" 200 2
0:0:0:0:0:0:0:1 - - [19/May/2020:10:05:05 +0800] "POST /monitor/devlist?status=0 HTTP/1.1" 200 4795
0:0:0:0:0:0:0:1 - - [19/May/2020:10:05:16 +0800] "POST /monitor/devlist?status=1 HTTP/1.1" 200 231
0:0:0:0:0:0:0:1 - - [19/May/2020:10:05:21 +0800] "POST /monitor/devlist?status=3 HTTP/1.1" 200 121
0:0:0:0:0:0:0:1 - - [19/May/2020:10:05:25 +0800] "POST /monitor/devlist?status=0 HTTP/1.1" 200 4795
0:0:0:0:0:0:0:1 - - [19/May/2020:10:05:35 +0800] "POST /monitor/devlist?status=1 HTTP/1.1" 200 231
0:0:0:0:0:0:0:1 - - [19/May/2020:10:05:38 +0800] "POST /monitor/devlist?status=2 HTTP/1.1" 200 336
0:0:0:0:0:0:0:1 - - [19/May/2020:10:05:43 +0800] "POST /monitor/devlist?status=3 HTTP/1.1" 200 121
0:0:0:0:0:0:0:1 - - [19/May/2020:10:09:24 +0800] "POST /monitor/devlist?status=3 HTTP/1.1" 200 121
0:0:0:0:0:0:0:1 - - [19/May/2020:10:09:30 +0800] "POST /monitor/devlist HTTP/1.1" 500 159
0:0:0:0:0:0:0:1 - - [19/May/2020:10:09:33 +0800] "POST /monitor/devlist HTTP/1.1" 500 159
0:0:0:0:0:0:0:1 - - [19/May/2020:10:09:35 +0800] "POST /monitor/devlist HTTP/1.1" 500 159
0:0:0:0:0:0:0:1 - - [19/May/2020:10:10:21 +0800] "POST /monitor/devlist HTTP/1.1" 500 159
0:0:0:0:0:0:0:1 - - [19/May/2020:10:10:23 +0800] "POST /monitor/devlist HTTP/1.1" 200 5657
0:0:0:0:0:0:0:1 - - [19/May/2020:10:11:13 +0800] "POST /monitor/devlist HTTP/1.1" 200 5657
0:0:0:0:0:0:0:1 - - [19/May/2020:10:11:18 +0800] "POST /monitor/devlist HTTP/1.1" 200 5657
0:0:0:0:0:0:0:1 - - [19/May/2020:10:13:10 +0800] "POST /monitor/devlist?status=3 HTTP/1.1" 200 121
0:0:0:0:0:0:0:1 - - [19/May/2020:10:13:14 +0800] "POST /monitor/devlist?status=0 HTTP/1.1" 200 4795
0:0:0:0:0:0:0:1 - - [19/May/2020:10:14:25 +0800] "POST /monitor/devlist?status=0 HTTP/1.1" 200 4795
0:0:0:0:0:0:0:1 - - [19/May/2020:10:14:47 +0800] "POST /monitor/devlist?status=0 HTTP/1.1" 200 4795
0:0:0:0:0:0:0:1 - - [19/May/2020:10:14:54 +0800] "POST /monitor/devlist?status=0 HTTP/1.1" 200 4795
0:0:0:0:0:0:0:1 - - [19/May/2020:10:15:13 +0800] "POST /monitor/devlist?status=0 HTTP/1.1" 200 4795
0:0:0:0:0:0:0:1 - - [19/May/2020:10:15:19 +0800] "POST /monitor/devlist?status=1 HTTP/1.1" 200 339
0:0:0:0:0:0:0:1 - - [19/May/2020:10:27:37 +0800] "POST /monitor/devlist?status=2 HTTP/1.1" 200 336
0:0:0:0:0:0:0:1 - - [19/May/2020:10:27:42 +0800] "POST /monitor/devlist?status=3 HTTP/1.1" 200 121
0:0:0:0:0:0:0:1 - - [19/May/2020:10:27:49 +0800] "POST /monitor/devlist HTTP/1.1" 200 5675
0:0:0:0:0:0:0:1 - - [19/May/2020:10:43:35 +0800] "POST /monitor/devlist HTTP/1.1" 200 5675
0:0:0:0:0:0:0:1 - - [19/May/2020:10:43:40 +0800] "POST /monitor/devlist?status=1 HTTP/1.1" 200 339
0:0:0:0:0:0:0:1 - - [19/May/2020:11:16:27 +0800] "POST /pressureflow/pfnow?devid=136 HTTP/1.1" 500 221
0:0:0:0:0:0:0:1 - - [19/May/2020:11:16:32 +0800] "POST /pressureflow/pfnow?devid=136 HTTP/1.1" 500 221
0:0:0:0:0:0:0:1 - - [19/May/2020:11:16:40 +0800] "POST /jwt/login?username=yx&password=222 HTTP/1.1" 200 802
0:0:0:0:0:0:0:1 - - [19/May/2020:11:17:13 +0800] "POST /pressureflow/pfnow?devid=136 HTTP/1.1" 200 491
0:0:0:0:0:0:0:1 - - [19/May/2020:11:21:15 +0800] "POST /pressureflow/pfnow?devid=136 HTTP/1.1" 200 491
0:0:0:0:0:0:0:1 - - [19/May/2020:11:21:18 +0800] "POST /pressureflow/pfnow?devid=136 HTTP/1.1" 200 491
0:0:0:0:0:0:0:1 - - [19/May/2020:11:21:19 +0800] "POST /pressureflow/pfnow?devid=136 HTTP/1.1" 200 491
0:0:0:0:0:0:0:1 - - [19/May/2020:11:21:54 +0800] "POST /pressureflow/pfnow?devid=136 HTTP/1.1" 200 595
0:0:0:0:0:0:0:1 - - [19/May/2020:11:22:09 +0800] "POST /pressureflow/pfnow?devid=136 HTTP/1.1" 200 595
0:0:0:0:0:0:0:1 - - [19/May/2020:11:22:11 +0800] "POST /pressureflow/pfnow?devid=136 HTTP/1.1" 200 595
0:0:0:0:0:0:0:1 - - [19/May/2020:11:22:12 +0800] "POST /pressureflow/pfnow?devid=136 HTTP/1.1" 200 595
0:0:0:0:0:0:0:1 - - [19/May/2020:11:22:12 +0800] "POST /pressureflow/pfnow?devid=136 HTTP/1.1" 200 595
0:0:0:0:0:0:0:1 - - [19/May/2020:11:22:13 +0800] "POST /pressureflow/pfnow?devid=136 HTTP/1.1" 200 595
0:0:0:0:0:0:0:1 - - [19/May/2020:11:22:13 +0800] "POST /pressureflow/pfnow?devid=136 HTTP/1.1" 200 595
0:0:0:0:0:0:0:1 - - [19/May/2020:11:22:14 +0800] "POST /pressureflow/pfnow?devid=136 HTTP/1.1" 200 595
0:0:0:0:0:0:0:1 - - [19/May/2020:11:22:14 +0800] "POST /pressureflow/pfnow?devid=136 HTTP/1.1" 200 595
0:0:0:0:0:0:0:1 - - [19/May/2020:11:22:19 +0800] "POST /pressureflow/pfnow?devid=136 HTTP/1.1" 200 542
0:0:0:0:0:0:0:1 - - [19/May/2020:14:26:01 +0800] "POST /jwt/login?username=yx&password=222 HTTP/1.1" 200 802
0:0:0:0:0:0:0:1 - - [19/May/2020:14:26:25 +0800] "POST /user/search HTTP/1.1" 200 1612
0:0:0:0:0:0:0:1 - - [19/May/2020:14:29:33 +0800] "POST /pressureflow/hydrantList HTTP/1.1" 200 477
0:0:0:0:0:0:0:1 - - [19/May/2020:14:44:06 +0800] "POST /pressureflow/newFlow?devid=136 HTTP/1.1" 200 547
0:0:0:0:0:0:0:1 - - [19/May/2020:15:05:29 +0800] "POST /pressureflow/newFlow?devid=136 HTTP/1.1" 200 547
