0:0:0:0:0:0:0:1 - - [28/May/2020:08:59:19 +0800] "POST /temperature/monitordayFt?devid=3 HTTP/1.1" 200 465
0:0:0:0:0:0:0:1 - - [28/May/2020:09:39:46 +0800] "POST /param/update?id=1&devId=120&cparam=T&cvalue=30&cvalue2=40&idelaytime=4&ischecked=1&type=2 HTTP/1.1" 200 35
0:0:0:0:0:0:0:1 - - [28/May/2020:09:42:58 +0800] "POST /dev/realtimedata HTTP/1.1" 500 219
0:0:0:0:0:0:0:1 - - [28/May/2020:09:43:07 +0800] "POST /jwt/login?username=yx&password=222 HTTP/1.1" 200 802
0:0:0:0:0:0:0:1 - - [28/May/2020:09:43:27 +0800] "POST /dev/realtimedata HTTP/1.1" 500 1618
0:0:0:0:0:0:0:1 - - [28/May/2020:09:48:57 +0800] "POST /dev/realtimedata HTTP/1.1" 500 1618
0:0:0:0:0:0:0:1 - - [28/May/2020:09:48:59 +0800] "POST /dev/realtimedata HTTP/1.1" 500 1618
0:0:0:0:0:0:0:1 - - [28/May/2020:09:49:43 +0800] "POST /dev/realtimedata HTTP/1.1" 200 5526
0:0:0:0:0:0:0:1 - - [28/May/2020:10:02:03 +0800] "POST /dev/realtimedata HTTP/1.1" 200 5526
0:0:0:0:0:0:0:1 - - [28/May/2020:10:06:30 +0800] "POST /dev/realtimedata HTTP/1.1" 200 5526
0:0:0:0:0:0:0:1 - - [28/May/2020:10:08:32 +0800] "POST /param/update?id=1&devId=119&cparam=T&cvalue=30&cvalue2=40&idelaytime=4 HTTP/1.1" 200 35
0:0:0:0:0:0:0:1 - - [28/May/2020:10:10:14 +0800] "POST /param/update?id=1&devId=119&cparam=T&cvalue=30&cvalue2=40&idelaytime=4&type=2 HTTP/1.1" 200 35
0:0:0:0:0:0:0:1 - - [28/May/2020:10:11:04 +0800] "POST /param/update?id=1&devId=119&cparam=T&cvalue=30&cvalue2=40&idelaytime=4&type=2&ischecked=1 HTTP/1.1" 200 35
0:0:0:0:0:0:0:1 - - [28/May/2020:11:24:43 +0800] "POST /param/update?id=1&devId=119&cparam=T&cvalue=30&cvalue2=40&idelaytime=4&type=2&ischecked=1 HTTP/1.1" 200 35
0:0:0:0:0:0:0:1 - - [28/May/2020:11:26:27 +0800] "POST /param/update?id=1&devId=119&cparam=T&cvalue=30&cvalue2=40&idelaytime=4&type=2&ischecked=1 HTTP/1.1" 200 35
0:0:0:0:0:0:0:1 - - [28/May/2020:11:27:45 +0800] "POST /param/update?id=1&devId=119&cparam=T&cvalue=30&cvalue2=40&idelaytime=4&type=2&ischecked=1 HTTP/1.1" 200 35
0:0:0:0:0:0:0:1 - - [28/May/2020:11:27:47 +0800] "POST /param/update?id=1&devId=119&cparam=T&cvalue=30&cvalue2=40&idelaytime=4&type=2&ischecked=1 HTTP/1.1" 200 35
0:0:0:0:0:0:0:1 - - [28/May/2020:11:27:47 +0800] "POST /param/update?id=1&devId=119&cparam=T&cvalue=30&cvalue2=40&idelaytime=4&type=2&ischecked=1 HTTP/1.1" 200 35
0:0:0:0:0:0:0:1 - - [28/May/2020:11:27:48 +0800] "POST /param/update?id=1&devId=119&cparam=T&cvalue=30&cvalue2=40&idelaytime=4&type=2&ischecked=1 HTTP/1.1" 200 35
0:0:0:0:0:0:0:1 - - [28/May/2020:11:27:48 +0800] "POST /param/update?id=1&devId=119&cparam=T&cvalue=30&cvalue2=40&idelaytime=4&type=2&ischecked=1 HTTP/1.1" 200 35
0:0:0:0:0:0:0:1 - - [28/May/2020:11:27:53 +0800] "POST /param/update?id=1&devId=119&cparam=T&cvalue=30&cvalue2=40&idelaytime=4&type=2&ischecked=1 HTTP/1.1" 200 35
0:0:0:0:0:0:0:1 - - [28/May/2020:11:41:28 +0800] "POST /param/update?id=1&devId=119&cparam=T&cvalue=30&cvalue2=40&idelaytime=4&type=2&ischecked=1 HTTP/1.1" 200 35
127.0.0.1 - - [28/May/2020:11:41:39 +0800] "POST /param/update?id=1&devId=120&cparam=T&cvalue=30&cvalue2=40&idelaytime=4&type=2&ischecked=1 HTTP/1.1" 200 35
127.0.0.1 - - [28/May/2020:11:42:00 +0800] "POST /param/update?id=1&devId=120&cparam=T&cvalue=35&cvalue2=40&idelaytime=4&type=2&ischecked=1 HTTP/1.1" 200 35
127.0.0.1 - - [28/May/2020:11:42:17 +0800] "POST /param/update?id=1&devId=120&cparam=T&cvalue=35&cvalue2=40&idelaytime=4&type=2&ischecked=1 HTTP/1.1" 200 35
0:0:0:0:0:0:0:1 - - [28/May/2020:11:44:13 +0800] "POST /param/update?id=415&devId=120&cparam=T&cvalue=35&cvalue2=40&idelaytime=4&type=2&ischecked=1 HTTP/1.1" 200 35
0:0:0:0:0:0:0:1 - - [28/May/2020:12:12:27 +0800] "POST /dev/realtimedata HTTP/1.1" 200 5526
0:0:0:0:0:0:0:1 - - [28/May/2020:15:15:55 +0800] "POST /temperature/ftList HTTP/1.1" 200 79
0:0:0:0:0:0:0:1 - - [28/May/2020:15:34:09 +0800] "POST /temperature/ftList HTTP/1.1" 200 1718
0:0:0:0:0:0:0:1 - - [28/May/2020:16:04:43 +0800] "POST /pressureflow/updatehydrant?status=1&id=136 HTTP/1.1" 500 279
0:0:0:0:0:0:0:1 - - [28/May/2020:16:11:52 +0800] "POST /pressureflow/updatehydrant?status=1&id=136 HTTP/1.1" 200 58
0:0:0:0:0:0:0:1 - - [28/May/2020:16:13:49 +0800] "POST /pressureflow/updatehydrant?status=1&id=136 HTTP/1.1" 200 58
0:0:0:0:0:0:0:1 - - [28/May/2020:16:14:27 +0800] "POST /pressureflow/updatehydrant?status=1&id=136 HTTP/1.1" 200 58
0:0:0:0:0:0:0:1 - - [28/May/2020:17:11:00 +0800] "POST /temperature/ftList HTTP/1.1" 500 181
0:0:0:0:0:0:0:1 - - [28/May/2020:17:16:45 +0800] "POST /temperature/ftList HTTP/1.1" 500 181
0:0:0:0:0:0:0:1 - - [28/May/2020:17:17:03 +0800] "POST /param/update?id=1&devId=119&cparam=T&cvalue=30&cvalue2=40&idelaytime=4&ischecked=1 HTTP/1.1" 500 175
0:0:0:0:0:0:0:1 - - [28/May/2020:17:17:15 +0800] "POST /jwt/login?username=yx&password=222 HTTP/1.1" 200 802
0:0:0:0:0:0:0:1 - - [28/May/2020:17:27:55 +0800] "POST /param/update?id=1&devId=119&cparam=T&cvalue=30&cvalue2=40&idelaytime=4&ischecked=1 HTTP/1.1" 200 35
0:0:0:0:0:0:0:1 - - [28/May/2020:17:34:48 +0800] "POST /param/update?id=1&devId=119&cparam=T&cvalue=30&cvalue2=40&idelaytime=4&ischecked=1&type=2 HTTP/1.1" 200 35
0:0:0:0:0:0:0:1 - - [28/May/2020:17:39:17 +0800] "POST /param/update?id=1&devId=119&cparam=T&cvalue=30&cvalue2=40&idelaytime=4&ischecked=1&type=2 HTTP/1.1" 200 35
0:0:0:0:0:0:0:1 - - [28/May/2020:17:47:15 +0800] "POST /param/update?id=1&devId=119&cparam=T&cvalue=30&cvalue2=40&idelaytime=4&ischecked=1&type=2 HTTP/1.1" 200 35
0:0:0:0:0:0:0:1 - - [28/May/2020:17:49:11 +0800] "POST /param/update?id=1&devId=119&cparam=T&cvalue=30&cvalue2=40&idelaytime=4&ischecked=1&type=2 HTTP/1.1" 200 35
0:0:0:0:0:0:0:1 - - [28/May/2020:18:13:36 +0800] "POST /temperature/ftList HTTP/1.1" 500 162
0:0:0:0:0:0:0:1 - - [28/May/2020:18:20:37 +0800] "POST /temperature/ftList HTTP/1.1" 500 162
0:0:0:0:0:0:0:1 - - [28/May/2020:18:31:14 +0800] "POST /temperature/ftList HTTP/1.1" 200 1756
