2019-12-04 15:08:19.335 [WARN ] org.mybatis.logging.Logger.warn - No MyBatis mapper was found in '[com.plat.acoal.dao]' package. Please check your configuration.
2019-12-04 15:39:27.872 [WARN ] org.mybatis.logging.Logger.warn - No MyBatis mapper was found in '[com.plat.acoal.dao]' package. Please check your configuration.
2019-12-04 15:41:54.255 [WARN ] org.mybatis.logging.Logger.warn - No MyBatis mapper was found in '[com.plat.acoal.dao]' package. Please check your configuration.
2019-12-04 15:42:43.543 [WARN ] org.mybatis.logging.Logger.warn - No MyBatis mapper was found in '[com.plat.acoal.dao]' package. Please check your configuration.
2019-12-04 15:45:36.085 [WARN ] org.springframework.web.servlet.handler.AbstractHandlerExceptionResolver.logException - Resolved [org.springframework.web.HttpRequestMethodNotSupportedException: Request method 'DELETE' not supported]
2019-12-04 16:52:09.682 [WARN ] org.mybatis.logging.Logger.warn - No MyBatis mapper was found in '[com.plat.acoal.dao]' package. Please check your configuration.
2019-12-04 16:54:20.731 [WARN ] org.mybatis.logging.Logger.warn - No MyBatis mapper was found in '[com.plat.acoal.dao]' package. Please check your configuration.
2019-12-04 16:56:29.018 [WARN ] org.mybatis.logging.Logger.warn - No MyBatis mapper was found in '[com.plat.acoal.dao]' package. Please check your configuration.
2019-12-04 16:58:53.207 [WARN ] org.mybatis.logging.Logger.warn - No MyBatis mapper was found in '[com.plat.acoal.dao]' package. Please check your configuration.
2019-12-04 17:00:02.727 [WARN ] org.mybatis.logging.Logger.warn - No MyBatis mapper was found in '[com.plat.acoal.dao]' package. Please check your configuration.
2019-12-04 17:01:44.299 [WARN ] org.mybatis.logging.Logger.warn - No MyBatis mapper was found in '[com.plat.acoal.dao]' package. Please check your configuration.
2019-12-07 11:12:45.644 [WARN ] org.springframework.web.servlet.handler.AbstractHandlerExceptionResolver.logException - Resolved [org.springframework.web.method.annotation.MethodArgumentTypeMismatchException: Failed to convert value of type 'java.lang.String' to required type 'java.lang.Integer'; nested exception is java.lang.NumberFormatException: For input string: "index.html"]
2019-12-07 19:34:02.934 [WARN ] org.springframework.boot.autoconfigure.thymeleaf.ThymeleafAutoConfiguration$DefaultTemplateResolverConfiguration.checkTemplateLocationExists - Cannot find template location: classpath:/templates/ (please add some templates or check your Thymeleaf configuration)
2019-12-07 19:35:14.493 [WARN ] org.springframework.boot.autoconfigure.thymeleaf.ThymeleafAutoConfiguration$DefaultTemplateResolverConfiguration.checkTemplateLocationExists - Cannot find template location: classpath:/templates/ (please add some templates or check your Thymeleaf configuration)
2019-12-07 19:53:09.131 [WARN ] org.springframework.boot.autoconfigure.thymeleaf.ThymeleafAutoConfiguration$DefaultTemplateResolverConfiguration.checkTemplateLocationExists - Cannot find template location: classpath:/templates/ (please add some templates or check your Thymeleaf configuration)
2019-12-07 19:54:35.879 [WARN ] org.springframework.boot.autoconfigure.thymeleaf.ThymeleafAutoConfiguration$DefaultTemplateResolverConfiguration.checkTemplateLocationExists - Cannot find template location: classpath:/templates/ (please add some templates or check your Thymeleaf configuration)
2019-12-07 19:55:40.994 [WARN ] org.springframework.boot.autoconfigure.thymeleaf.ThymeleafAutoConfiguration$DefaultTemplateResolverConfiguration.checkTemplateLocationExists - Cannot find template location: classpath:/templates/ (please add some templates or check your Thymeleaf configuration)
2019-12-07 19:58:47.307 [WARN ] org.springframework.boot.autoconfigure.thymeleaf.ThymeleafAutoConfiguration$DefaultTemplateResolverConfiguration.checkTemplateLocationExists - Cannot find template location: classpath:/templates/ (please add some templates or check your Thymeleaf configuration)
2019-12-07 20:00:51.354 [WARN ] org.springframework.boot.autoconfigure.thymeleaf.ThymeleafAutoConfiguration$DefaultTemplateResolverConfiguration.checkTemplateLocationExists - Cannot find template location: classpath:/templates/ (please add some templates or check your Thymeleaf configuration)
2019-12-07 20:11:38.855 [WARN ] org.springframework.boot.autoconfigure.thymeleaf.ThymeleafAutoConfiguration$DefaultTemplateResolverConfiguration.checkTemplateLocationExists - Cannot find template location: classpath:/templates/ (please add some templates or check your Thymeleaf configuration)
2019-12-07 20:12:19.410 [WARN ] org.springframework.boot.autoconfigure.thymeleaf.ThymeleafAutoConfiguration$DefaultTemplateResolverConfiguration.checkTemplateLocationExists - Cannot find template location: classpath:/templates/ (please add some templates or check your Thymeleaf configuration)
2019-12-07 20:13:25.423 [WARN ] org.springframework.boot.autoconfigure.thymeleaf.ThymeleafAutoConfiguration$DefaultTemplateResolverConfiguration.checkTemplateLocationExists - Cannot find template location: classpath:/templates/ (please add some templates or check your Thymeleaf configuration)
2019-12-07 21:46:39.233 [WARN ] org.springframework.web.servlet.DispatcherServlet.noHandlerFound - No mapping for GET /css/base.css
2019-12-07 21:46:39.236 [WARN ] org.springframework.web.servlet.DispatcherServlet.noHandlerFound - No mapping for GET /js/jquery.min.js
2019-12-07 21:46:39.236 [WARN ] org.springframework.web.servlet.DispatcherServlet.noHandlerFound - No mapping for GET /img/bg1.png
2019-12-07 21:47:33.463 [WARN ] org.springframework.web.servlet.DispatcherServlet.noHandlerFound - No mapping for GET /css/base.css
2019-12-07 21:47:33.463 [WARN ] org.springframework.web.servlet.DispatcherServlet.noHandlerFound - No mapping for GET /img/bg1.png
2019-12-07 21:47:33.470 [WARN ] org.springframework.web.servlet.DispatcherServlet.noHandlerFound - No mapping for GET /js/jquery.min.js
2019-12-08 09:40:51.593 [WARN ] org.springframework.web.servlet.DispatcherServlet.noHandlerFound - No mapping for GET /js/jquery-2.2.1.min.js
2019-12-08 09:41:42.112 [WARN ] org.springframework.web.servlet.DispatcherServlet.noHandlerFound - No mapping for GET /js/jquery-2.2.1.min.js
2019-12-08 09:41:51.313 [WARN ] org.springframework.web.servlet.DispatcherServlet.noHandlerFound - No mapping for GET /js/jquery-2.2.1.min.js
2019-12-08 09:43:05.002 [WARN ] org.springframework.web.servlet.DispatcherServlet.noHandlerFound - No mapping for GET /js/jquery-2.2.1.min.js
2019-12-08 09:43:05.004 [WARN ] org.springframework.web.servlet.DispatcherServlet.noHandlerFound - No mapping for GET /css/base.css
2019-12-08 09:43:05.005 [WARN ] org.springframework.web.servlet.DispatcherServlet.noHandlerFound - No mapping for GET /img/bg1.png
2019-12-09 09:40:58.544 [WARN ] org.springframework.boot.autoconfigure.thymeleaf.ThymeleafAutoConfiguration$DefaultTemplateResolverConfiguration.checkTemplateLocationExists - Cannot find template location: classpath:/templates/ (please add some templates or check your Thymeleaf configuration)
2019-12-09 09:51:06.557 [WARN ] org.springframework.boot.autoconfigure.thymeleaf.ThymeleafAutoConfiguration$DefaultTemplateResolverConfiguration.checkTemplateLocationExists - Cannot find template location: classpath:/templates/ (please add some templates or check your Thymeleaf configuration)
2019-12-09 09:51:25.581 [WARN ] org.springframework.boot.autoconfigure.thymeleaf.ThymeleafAutoConfiguration$DefaultTemplateResolverConfiguration.checkTemplateLocationExists - Cannot find template location: classpath:/templates/ (please add some templates or check your Thymeleaf configuration)
2019-12-09 09:53:46.970 [WARN ] org.springframework.boot.autoconfigure.thymeleaf.ThymeleafAutoConfiguration$DefaultTemplateResolverConfiguration.checkTemplateLocationExists - Cannot find template location: classpath:/templates/ (please add some templates or check your Thymeleaf configuration)
2019-12-09 09:54:04.254 [WARN ] org.springframework.boot.autoconfigure.thymeleaf.ThymeleafAutoConfiguration$DefaultTemplateResolverConfiguration.checkTemplateLocationExists - Cannot find template location: classpath:/templates/ (please add some templates or check your Thymeleaf configuration)
2019-12-09 09:54:07.641 [WARN ] org.springframework.web.servlet.handler.AbstractHandlerExceptionResolver.logException - Resolved [org.springframework.web.HttpRequestMethodNotSupportedException: Request method 'GET' not supported]
2019-12-09 09:55:27.697 [WARN ] org.springframework.boot.autoconfigure.thymeleaf.ThymeleafAutoConfiguration$DefaultTemplateResolverConfiguration.checkTemplateLocationExists - Cannot find template location: classpath:/templates/ (please add some templates or check your Thymeleaf configuration)
2019-12-09 16:54:00.798 [WARN ] org.springframework.boot.autoconfigure.thymeleaf.ThymeleafAutoConfiguration$DefaultTemplateResolverConfiguration.checkTemplateLocationExists - Cannot find template location: classpath:/templates/ (please add some templates or check your Thymeleaf configuration)
2019-12-09 16:55:41.434 [WARN ] org.springframework.boot.autoconfigure.thymeleaf.ThymeleafAutoConfiguration$DefaultTemplateResolverConfiguration.checkTemplateLocationExists - Cannot find template location: classpath:/templates/ (please add some templates or check your Thymeleaf configuration)
2019-12-09 16:59:14.698 [WARN ] org.mybatis.logging.Logger.warn - No MyBatis mapper was found in '[com.plat.acoal.dao]' package. Please check your configuration.
2019-12-09 16:59:37.056 [WARN ] org.springframework.boot.autoconfigure.thymeleaf.ThymeleafAutoConfiguration$DefaultTemplateResolverConfiguration.checkTemplateLocationExists - Cannot find template location: classpath:/templates/ (please add some templates or check your Thymeleaf configuration)
2019-12-09 17:09:56.755 [WARN ] org.mybatis.logging.Logger.warn - No MyBatis mapper was found in '[com.plat.acoal.dao]' package. Please check your configuration.
2019-12-09 17:16:29.040 [WARN ] org.mybatis.logging.Logger.warn - No MyBatis mapper was found in '[com.plat.acoal.dao]' package. Please check your configuration.
2019-12-09 17:18:25.135 [WARN ] org.springframework.web.servlet.handler.AbstractHandlerExceptionResolver.logException - Resolved [org.springframework.web.method.annotation.MethodArgumentTypeMismatchException: Failed to convert value of type 'java.lang.String' to required type 'java.lang.Integer'; nested exception is java.lang.NumberFormatException: For input string: "id"]
2019-12-09 17:20:38.639 [WARN ] org.springframework.boot.autoconfigure.thymeleaf.ThymeleafAutoConfiguration$DefaultTemplateResolverConfiguration.checkTemplateLocationExists - Cannot find template location: classpath:/templates/ (please add some templates or check your Thymeleaf configuration)
2019-12-09 17:24:41.926 [WARN ] org.springframework.boot.autoconfigure.thymeleaf.ThymeleafAutoConfiguration$DefaultTemplateResolverConfiguration.checkTemplateLocationExists - Cannot find template location: classpath:/templates/ (please add some templates or check your Thymeleaf configuration)
2019-12-09 17:24:55.304 [WARN ] org.mybatis.logging.Logger.warn - No MyBatis mapper was found in '[com.plat.acoal.dao]' package. Please check your configuration.
2019-12-09 17:31:16.676 [WARN ] org.springframework.boot.autoconfigure.thymeleaf.ThymeleafAutoConfiguration$DefaultTemplateResolverConfiguration.checkTemplateLocationExists - Cannot find template location: classpath:/templates/ (please add some templates or check your Thymeleaf configuration)
2019-12-09 17:38:49.229 [WARN ] org.springframework.boot.autoconfigure.thymeleaf.ThymeleafAutoConfiguration$DefaultTemplateResolverConfiguration.checkTemplateLocationExists - Cannot find template location: classpath:/templates/ (please add some templates or check your Thymeleaf configuration)
2019-12-09 18:00:55.423 [WARN ] org.springframework.boot.autoconfigure.thymeleaf.ThymeleafAutoConfiguration$DefaultTemplateResolverConfiguration.checkTemplateLocationExists - Cannot find template location: classpath:/templates/ (please add some templates or check your Thymeleaf configuration)
2019-12-09 18:02:24.122 [WARN ] org.mybatis.logging.Logger.warn - No MyBatis mapper was found in '[com.plat.acoal.dao]' package. Please check your configuration.
2019-12-09 18:06:44.789 [WARN ] org.mybatis.logging.Logger.warn - No MyBatis mapper was found in '[com.plat.acoal.dao]' package. Please check your configuration.
2019-12-09 19:07:55.624 [WARN ] org.springframework.boot.autoconfigure.thymeleaf.ThymeleafAutoConfiguration$DefaultTemplateResolverConfiguration.checkTemplateLocationExists - Cannot find template location: classpath:/templates/ (please add some templates or check your Thymeleaf configuration)
2019-12-09 19:08:43.767 [WARN ] org.springframework.boot.autoconfigure.thymeleaf.ThymeleafAutoConfiguration$DefaultTemplateResolverConfiguration.checkTemplateLocationExists - Cannot find template location: classpath:/templates/ (please add some templates or check your Thymeleaf configuration)
2019-12-09 19:11:07.050 [WARN ] org.springframework.boot.autoconfigure.thymeleaf.ThymeleafAutoConfiguration$DefaultTemplateResolverConfiguration.checkTemplateLocationExists - Cannot find template location: classpath:/templates/ (please add some templates or check your Thymeleaf configuration)
2019-12-09 19:30:17.034 [WARN ] org.mybatis.logging.Logger.warn - No MyBatis mapper was found in '[com.plat.acoal.dao]' package. Please check your configuration.
2019-12-09 19:30:17.394 [WARN ] org.springframework.web.servlet.handler.AbstractHandlerExceptionResolver.logException - Resolved [org.springframework.web.method.annotation.MethodArgumentTypeMismatchException: Failed to convert value of type 'java.lang.String' to required type 'java.lang.Integer'; nested exception is java.lang.NumberFormatException: For input string: "add"]
2019-12-09 19:35:39.690 [WARN ] org.mybatis.logging.Logger.warn - No MyBatis mapper was found in '[com.plat.acoal.dao]' package. Please check your configuration.
2019-12-09 19:35:39.865 [WARN ] org.springframework.web.servlet.handler.AbstractHandlerExceptionResolver.logException - Resolved [org.springframework.web.HttpRequestMethodNotSupportedException: Request method 'POST' not supported]
2019-12-09 19:35:53.518 [WARN ] org.springframework.web.servlet.handler.AbstractHandlerExceptionResolver.logException - Resolved [org.springframework.web.HttpRequestMethodNotSupportedException: Request method 'POST' not supported]
2019-12-09 19:36:28.805 [WARN ] org.mybatis.logging.Logger.warn - No MyBatis mapper was found in '[com.plat.acoal.dao]' package. Please check your configuration.
2019-12-09 19:37:11.778 [WARN ] org.springframework.boot.autoconfigure.thymeleaf.ThymeleafAutoConfiguration$DefaultTemplateResolverConfiguration.checkTemplateLocationExists - Cannot find template location: classpath:/templates/ (please add some templates or check your Thymeleaf configuration)
2019-12-09 20:45:03.950 [WARN ] org.mybatis.logging.Logger.warn - No MyBatis mapper was found in '[com.plat.acoal.dao]' package. Please check your configuration.
2019-12-10 10:39:14.355 [WARN ] org.springframework.boot.autoconfigure.thymeleaf.ThymeleafAutoConfiguration$DefaultTemplateResolverConfiguration.checkTemplateLocationExists - Cannot find template location: classpath:/templates/ (please add some templates or check your Thymeleaf configuration)
2019-12-10 10:43:14.756 [WARN ] org.springframework.boot.autoconfigure.thymeleaf.ThymeleafAutoConfiguration$DefaultTemplateResolverConfiguration.checkTemplateLocationExists - Cannot find template location: classpath:/templates/ (please add some templates or check your Thymeleaf configuration)
2019-12-10 10:57:08.524 [WARN ] org.springframework.boot.autoconfigure.thymeleaf.ThymeleafAutoConfiguration$DefaultTemplateResolverConfiguration.checkTemplateLocationExists - Cannot find template location: classpath:/templates/ (please add some templates or check your Thymeleaf configuration)
2019-12-10 11:04:07.194 [WARN ] org.mybatis.logging.Logger.warn - No MyBatis mapper was found in '[com.plat.acoal.dao]' package. Please check your configuration.
2019-12-10 11:22:25.255 [WARN ] org.mybatis.logging.Logger.warn - No MyBatis mapper was found in '[com.plat.acoal.dao]' package. Please check your configuration.
2019-12-10 11:22:25.686 [WARN ] org.springframework.web.servlet.handler.AbstractHandlerExceptionResolver.logException - Resolved [org.springframework.web.method.annotation.MethodArgumentTypeMismatchException: Failed to convert value of type 'java.lang.String' to required type 'java.lang.Integer'; nested exception is java.lang.NumberFormatException: For input string: "kf"]
2019-12-10 11:22:53.026 [WARN ] org.springframework.web.servlet.handler.AbstractHandlerExceptionResolver.logException - Resolved [org.springframework.web.method.annotation.MethodArgumentTypeMismatchException: Failed to convert value of type 'java.lang.String' to required type 'java.lang.Integer'; nested exception is java.lang.NumberFormatException: For input string: "kf"]
2019-12-10 11:26:04.532 [WARN ] org.mybatis.logging.Logger.warn - No MyBatis mapper was found in '[com.plat.acoal.dao]' package. Please check your configuration.
2019-12-10 11:26:04.630 [WARN ] org.springframework.web.servlet.handler.AbstractHandlerExceptionResolver.logException - Resolved [org.springframework.web.method.annotation.MethodArgumentTypeMismatchException: Failed to convert value of type 'java.lang.String' to required type 'java.lang.Integer'; nested exception is java.lang.NumberFormatException: For input string: "cusername=kf"]
2019-12-10 11:29:48.782 [WARN ] org.springframework.web.servlet.handler.AbstractHandlerExceptionResolver.logException - Resolved [org.springframework.web.method.annotation.MethodArgumentTypeMismatchException: Failed to convert value of type 'java.lang.String' to required type 'java.lang.Integer'; nested exception is java.lang.NumberFormatException: For input string: "kf"]
2019-12-10 11:34:02.360 [WARN ] org.springframework.web.servlet.handler.AbstractHandlerExceptionResolver.logException - Resolved [org.springframework.web.method.annotation.MethodArgumentTypeMismatchException: Failed to convert value of type 'java.lang.String' to required type 'java.lang.Integer'; nested exception is java.lang.NumberFormatException: For input string: "kf"]
2019-12-10 11:34:04.600 [WARN ] org.springframework.web.servlet.handler.AbstractHandlerExceptionResolver.logException - Resolved [org.springframework.web.method.annotation.MethodArgumentTypeMismatchException: Failed to convert value of type 'java.lang.String' to required type 'java.lang.Integer'; nested exception is java.lang.NumberFormatException: For input string: "kf"]
2019-12-10 11:34:05.377 [WARN ] org.springframework.web.servlet.handler.AbstractHandlerExceptionResolver.logException - Resolved [org.springframework.web.method.annotation.MethodArgumentTypeMismatchException: Failed to convert value of type 'java.lang.String' to required type 'java.lang.Integer'; nested exception is java.lang.NumberFormatException: For input string: "kf"]
2019-12-10 11:34:05.834 [WARN ] org.springframework.web.servlet.handler.AbstractHandlerExceptionResolver.logException - Resolved [org.springframework.web.method.annotation.MethodArgumentTypeMismatchException: Failed to convert value of type 'java.lang.String' to required type 'java.lang.Integer'; nested exception is java.lang.NumberFormatException: For input string: "kf"]
2019-12-10 11:38:11.733 [WARN ] org.mybatis.logging.Logger.warn - No MyBatis mapper was found in '[com.plat.acoal.dao]' package. Please check your configuration.
2019-12-10 11:54:28.643 [WARN ] org.mybatis.logging.Logger.warn - No MyBatis mapper was found in '[com.plat.acoal.dao]' package. Please check your configuration.
2019-12-10 14:09:20.499 [WARN ] org.springframework.boot.autoconfigure.thymeleaf.ThymeleafAutoConfiguration$DefaultTemplateResolverConfiguration.checkTemplateLocationExists - Cannot find template location: classpath:/templates/ (please add some templates or check your Thymeleaf configuration)
2019-12-10 14:16:19.216 [WARN ] org.springframework.boot.autoconfigure.thymeleaf.ThymeleafAutoConfiguration$DefaultTemplateResolverConfiguration.checkTemplateLocationExists - Cannot find template location: classpath:/templates/ (please add some templates or check your Thymeleaf configuration)
2019-12-10 14:31:13.758 [WARN ] org.mybatis.logging.Logger.warn - No MyBatis mapper was found in '[com.plat.acoal.dao]' package. Please check your configuration.
2019-12-26 11:51:46.666 [WARN ] org.mybatis.logging.Logger.warn - No MyBatis mapper was found in '[com.plat.acoal.dao]' package. Please check your configuration.
2019-12-26 13:59:02.223 [WARN ] org.mybatis.logging.Logger.warn - No MyBatis mapper was found in '[com.plat.acoal.dao]' package. Please check your configuration.
2019-12-26 15:59:48.646 [WARN ] org.springframework.context.support.AbstractApplicationContext.__refresh - Exception encountered during context initialization - cancelling refresh attempt: org.springframework.beans.factory.UnsatisfiedDependencyException: Error creating bean with name 'alarmController': Unsatisfied dependency expressed through field 'atsi'; nested exception is org.springframework.beans.factory.UnsatisfiedDependencyException: Error creating bean with name 'alarmServiceImpl': Unsatisfied dependency expressed through field 'am'; nested exception is org.springframework.beans.factory.UnsatisfiedDependencyException: Error creating bean with name 'alarmMapper' defined in file [D:\xz\acoal\target\classes\com\plat\acoal\dao\AlarmMapper.class]: Unsatisfied dependency expressed through bean property 'sqlSessionFactory'; nested exception is org.springframework.beans.factory.BeanCreationException: Error creating bean with name 'sqlSessionFactory' defined in class path resource [org/mybatis/spring/boot/autoconfigure/MybatisAutoConfiguration.class]: Bean instantiation via factory method failed; nested exception is org.springframework.beans.BeanInstantiationException: Failed to instantiate [org.apache.ibatis.session.SqlSessionFactory]: Factory method 'sqlSessionFactory' threw exception; nested exception is org.springframework.core.NestedIOException: Failed to parse mapping resource: 'file [D:\xz\acoal\target\classes\mapper\FlowMapper.xml]'; nested exception is org.apache.ibatis.builder.BuilderException: Error parsing Mapper XML. The XML location is 'file [D:\xz\acoal\target\classes\mapper\FlowMapper.xml]'. Cause: java.lang.IllegalArgumentException: Mapped Statements collection already contains value for com.plat.acoal.dao.FlowMapper.selectNewFById. please check file [D:\xz\acoal\target\classes\mapper\FlowMapper.xml] and file [D:\xz\acoal\target\classes\mapper\FlowMapper.xml]
2019-12-26 16:00:47.106 [WARN ] org.springframework.context.support.AbstractApplicationContext.__refresh - Exception encountered during context initialization - cancelling refresh attempt: org.springframework.beans.factory.UnsatisfiedDependencyException: Error creating bean with name 'alarmController': Unsatisfied dependency expressed through field 'atsi'; nested exception is org.springframework.beans.factory.UnsatisfiedDependencyException: Error creating bean with name 'alarmServiceImpl': Unsatisfied dependency expressed through field 'am'; nested exception is org.springframework.beans.factory.UnsatisfiedDependencyException: Error creating bean with name 'alarmMapper' defined in file [D:\xz\acoal\target\classes\com\plat\acoal\dao\AlarmMapper.class]: Unsatisfied dependency expressed through bean property 'sqlSessionFactory'; nested exception is org.springframework.beans.factory.BeanCreationException: Error creating bean with name 'sqlSessionFactory' defined in class path resource [org/mybatis/spring/boot/autoconfigure/MybatisAutoConfiguration.class]: Bean instantiation via factory method failed; nested exception is org.springframework.beans.BeanInstantiationException: Failed to instantiate [org.apache.ibatis.session.SqlSessionFactory]: Factory method 'sqlSessionFactory' threw exception; nested exception is org.springframework.core.NestedIOException: Failed to parse mapping resource: 'file [D:\xz\acoal\target\classes\mapper\FlowMapper.xml]'; nested exception is org.apache.ibatis.builder.BuilderException: Error parsing Mapper XML. The XML location is 'file [D:\xz\acoal\target\classes\mapper\FlowMapper.xml]'. Cause: java.lang.IllegalArgumentException: Mapped Statements collection already contains value for com.plat.acoal.dao.FlowMapper.selectNewFById. please check file [D:\xz\acoal\target\classes\mapper\FlowMapper.xml] and file [D:\xz\acoal\target\classes\mapper\FlowMapper.xml]
2019-12-26 16:01:32.200 [WARN ] org.springframework.context.support.AbstractApplicationContext.__refresh - Exception encountered during context initialization - cancelling refresh attempt: org.springframework.beans.factory.UnsatisfiedDependencyException: Error creating bean with name 'alarmController': Unsatisfied dependency expressed through field 'atsi'; nested exception is org.springframework.beans.factory.UnsatisfiedDependencyException: Error creating bean with name 'alarmServiceImpl': Unsatisfied dependency expressed through field 'am'; nested exception is org.springframework.beans.factory.UnsatisfiedDependencyException: Error creating bean with name 'alarmMapper' defined in file [D:\xz\acoal\target\classes\com\plat\acoal\dao\AlarmMapper.class]: Unsatisfied dependency expressed through bean property 'sqlSessionFactory'; nested exception is org.springframework.beans.factory.BeanCreationException: Error creating bean with name 'sqlSessionFactory' defined in class path resource [org/mybatis/spring/boot/autoconfigure/MybatisAutoConfiguration.class]: Bean instantiation via factory method failed; nested exception is org.springframework.beans.BeanInstantiationException: Failed to instantiate [org.apache.ibatis.session.SqlSessionFactory]: Factory method 'sqlSessionFactory' threw exception; nested exception is org.springframework.core.NestedIOException: Failed to parse mapping resource: 'file [D:\xz\acoal\target\classes\mapper\FlowMapper.xml]'; nested exception is org.apache.ibatis.builder.BuilderException: Error parsing Mapper XML. The XML location is 'file [D:\xz\acoal\target\classes\mapper\FlowMapper.xml]'. Cause: java.lang.IllegalArgumentException: Mapped Statements collection already contains value for com.plat.acoal.dao.FlowMapper.selectNewFById. please check file [D:\xz\acoal\target\classes\mapper\FlowMapper.xml] and file [D:\xz\acoal\target\classes\mapper\FlowMapper.xml]
2019-12-26 16:06:12.076 [WARN ] org.springframework.context.support.AbstractApplicationContext.__refresh - Exception encountered during context initialization - cancelling refresh attempt: org.springframework.beans.factory.BeanCreationException: Error creating bean with name 'requestMappingHandlerMapping' defined in class path resource [org/springframework/boot/autoconfigure/web/servlet/WebMvcAutoConfiguration$EnableWebMvcConfiguration.class]: Invocation of init method failed; nested exception is java.lang.IllegalStateException: Ambiguous mapping. Cannot map 'pressureFlowController' method 
com.plat.acoal.controller.PressureFlowController#getDayPress(PressureFlowModel, HttpServletRequest)
to {GET /pressflow/daypressflow, produces [application/json;charset=UTF-8]}: There is already 'pressureFlowController' bean method
com.plat.acoal.controller.PressureFlowController#getDayFlow(PressureFlowModel, HttpServletRequest) mapped.
2019-12-26 19:40:35.350 [WARN ] org.mybatis.logging.Logger.warn - No MyBatis mapper was found in '[com.plat.acoal.dao]' package. Please check your configuration.
2019-12-27 11:28:15.927 [WARN ] org.mybatis.logging.Logger.warn - No MyBatis mapper was found in '[com.plat.acoal.dao]' package. Please check your configuration.
2019-12-27 11:37:17.799 [WARN ] org.mybatis.logging.Logger.warn - No MyBatis mapper was found in '[com.plat.acoal.dao]' package. Please check your configuration.
2019-12-27 14:22:07.596 [WARN ] org.springframework.context.support.AbstractApplicationContext.__refresh - Exception encountered during context initialization - cancelling refresh attempt: org.springframework.beans.factory.UnsatisfiedDependencyException: Error creating bean with name 'alarmController': Unsatisfied dependency expressed through field 'atsi'; nested exception is org.springframework.beans.factory.UnsatisfiedDependencyException: Error creating bean with name 'alarmServiceImpl': Unsatisfied dependency expressed through field 'am'; nested exception is org.springframework.beans.factory.UnsatisfiedDependencyException: Error creating bean with name 'alarmMapper' defined in file [D:\xz\acoal\target\classes\com\plat\acoal\dao\AlarmMapper.class]: Unsatisfied dependency expressed through bean property 'sqlSessionFactory'; nested exception is org.springframework.beans.factory.BeanCreationException: Error creating bean with name 'sqlSessionFactory' defined in class path resource [org/mybatis/spring/boot/autoconfigure/MybatisAutoConfiguration.class]: Bean instantiation via factory method failed; nested exception is org.springframework.beans.BeanInstantiationException: Failed to instantiate [org.apache.ibatis.session.SqlSessionFactory]: Factory method 'sqlSessionFactory' threw exception; nested exception is org.springframework.core.NestedIOException: Failed to parse mapping resource: 'file [D:\xz\acoal\target\classes\mapper\DevMapper.xml]'; nested exception is org.apache.ibatis.builder.BuilderException: Error creating document instance.  Cause: org.xml.sax.SAXParseException; lineNumber: 344; columnNumber: 10; 元素类型为 "mapper" 的内容必须匹配 "(cache-ref|cache|resultMap*|parameterMap*|sql*|insert*|update*|delete*|select*)+"。
2019-12-27 14:39:57.781 [WARN ] org.mybatis.logging.Logger.warn - No MyBatis mapper was found in '[com.plat.acoal.dao]' package. Please check your configuration.
2019-12-27 17:04:06.351 [WARN ] org.mybatis.logging.Logger.warn - No MyBatis mapper was found in '[com.plat.acoal.dao]' package. Please check your configuration.
2019-12-30 14:41:29.948 [WARN ] org.mybatis.logging.Logger.warn - No MyBatis mapper was found in '[com.plat.acoal.dao]' package. Please check your configuration.
